#
# There is insufficient memory for the Java Runtime Environment to continue.
# Native memory allocation (mmap) failed to map 4292608 bytes. Error detail: G1 virtual space
# Possible reasons:
#   The system is out of physical RAM or swap space
#   This process is running with CompressedOops enabled, and the Java Heap may be blocking the growth of the native heap
# Possible solutions:
#   Reduce memory load on the system
#   Increase physical memory or swap space
#   Check if swap backing store is full
#   Decrease Java heap size (-Xmx/-Xms)
#   Decrease number of Java threads
#   Decrease Java thread stack sizes (-Xss)
#   Set larger code cache with -XX:ReservedCodeCacheSize=
#   JVM is running with Unscaled Compressed Oops mode in which the Java heap is
#     placed in the first 4GB address space. The Java Heap base address is the
#     maximum limit for the native heap growth. Please use -XX:HeapBaseMinAddress
#     to set the Java Heap base and to place the Java Heap above 4GB virtual address.
# This output file may be truncated or incomplete.
#
#  Out of Memory Error (os_windows.cpp:3631), pid=13008, tid=14544
#
# JRE version: Java(TM) SE Runtime Environment (22.0.1+8) (build 22.0.1+8-16)
# Java VM: Java HotSpot(TM) 64-Bit Server VM (22.0.1+8-16, mixed mode, sharing, tiered, compressed oops, compressed class ptrs, g1 gc, windows-amd64)
# No core dump will be written. Minidumps are not enabled by default on client versions of Windows
#

---------------  S U M M A R Y ------------

Command Line: org.languagetool.server.HTTPServer -p 8089

Host: Intel(R) Celeron(R) N4500 @ 1.10GHz, 2 cores, 7G,  Windows 11 , 64 bit Build 22621 (10.0.22621.3374)
Time: Tue Apr 30 13:25:00 2024 Eastern Daylight Time elapsed time: 1767.879266 seconds (0d 0h 29m 27s)

---------------  T H R E A D  ---------------

Current thread (0x00000207f8f27690):  VMThread "VM Thread"          [id=14544, stack(0x000000f10ab00000,0x000000f10ac00000) (1024K)]

Stack: [0x000000f10ab00000,0x000000f10ac00000]
Native frames: (J=compiled Java code, j=interpreted, Vv=VM code, C=native code)
V  [jvm.dll+0x6e2279]  (no source info available)
V  [jvm.dll+0x874e33]  (no source info available)
V  [jvm.dll+0x87725e]  (no source info available)
V  [jvm.dll+0x877933]  (no source info available)
V  [jvm.dll+0x27fd76]  (no source info available)
V  [jvm.dll+0x6de915]  (no source info available)
V  [jvm.dll+0x6d341a]  (no source info available)
V  [jvm.dll+0x3589da]  (no source info available)
V  [jvm.dll+0x360f06]  (no source info available)
V  [jvm.dll+0x3b3e43]  (no source info available)
V  [jvm.dll+0x3b40d8]  (no source info available)
V  [jvm.dll+0x32c59c]  (no source info available)
V  [jvm.dll+0x32c627]  (no source info available)
V  [jvm.dll+0x37229c]  (no source info available)
V  [jvm.dll+0x370996]  (no source info available)
V  [jvm.dll+0x32bc87]  (no source info available)
V  [jvm.dll+0x370154]  (no source info available)
V  [jvm.dll+0x87d7d0]  (no source info available)
V  [jvm.dll+0x87eb57]  (no source info available)
V  [jvm.dll+0x87f0d0]  (no source info available)
V  [jvm.dll+0x87f373]  (no source info available)
V  [jvm.dll+0x81d44b]  (no source info available)
V  [jvm.dll+0x6e0915]  (no source info available)
C  [ucrtbase.dll+0x29333]  (no source info available)
C  [KERNEL32.DLL+0x1257d]  (no source info available)
C  [ntdll.dll+0x5aa48]  (no source info available)

VM_Operation (0x000000f10b7ff010): G1CollectForAllocation, mode: safepoint, requested by thread 0x00000207c5fcdfd0


---------------  P R O C E S S  ---------------

Threads class SMR info:
_java_thread_list=0x00000207c62a66d0, length=18, elements={
0x00000207f8f41e40, 0x00000207f8f43d20, 0x00000207f8f47950, 0x00000207f8f483c0,
0x00000207f8f48e20, 0x00000207f8f49880, 0x00000207f8f4e620, 0x00000207f8f55cd0,
0x00000207c5222c70, 0x00000207c5227b10, 0x00000207c5fcdfd0, 0x00000207c5fe31f0,
0x00000207c68411c0, 0x00000207c67d9920, 0x00000207c516f720, 0x00000207db40fdc0,
0x00000207c522c190, 0x00000207c6852d90
}

Java Threads: ( => current thread )
  0x00000207f8f41e40 JavaThread "Reference Handler"          daemon [_thread_blocked, id=7412, stack(0x000000f10ac00000,0x000000f10ad00000) (1024K)]
  0x00000207f8f43d20 JavaThread "Finalizer"                  daemon [_thread_blocked, id=7636, stack(0x000000f10ad00000,0x000000f10ae00000) (1024K)]
  0x00000207f8f47950 JavaThread "Signal Dispatcher"          daemon [_thread_blocked, id=11820, stack(0x000000f10ae00000,0x000000f10af00000) (1024K)]
  0x00000207f8f483c0 JavaThread "Attach Listener"            daemon [_thread_blocked, id=16596, stack(0x000000f10af00000,0x000000f10b000000) (1024K)]
  0x00000207f8f48e20 JavaThread "Service Thread"             daemon [_thread_blocked, id=16728, stack(0x000000f10b000000,0x000000f10b100000) (1024K)]
  0x00000207f8f49880 JavaThread "Monitor Deflation Thread"   daemon [_thread_blocked, id=17884, stack(0x000000f10b100000,0x000000f10b200000) (1024K)]
  0x00000207f8f4e620 JavaThread "C2 CompilerThread0"         daemon [_thread_blocked, id=19836, stack(0x000000f10b200000,0x000000f10b300000) (1024K)]
  0x00000207f8f55cd0 JavaThread "C1 CompilerThread0"         daemon [_thread_blocked, id=7808, stack(0x000000f10b300000,0x000000f10b400000) (1024K)]
  0x00000207c5222c70 JavaThread "Notification Thread"        daemon [_thread_blocked, id=21764, stack(0x000000f10b400000,0x000000f10b500000) (1024K)]
  0x00000207c5227b10 JavaThread "Common-Cleaner"             daemon [_thread_blocked, id=17800, stack(0x000000f10b500000,0x000000f10b600000) (1024K)]
  0x00000207c5fcdfd0 JavaThread "LtThreadPoolMonitor"        daemon [_thread_blocked, id=18348, stack(0x000000f10b700000,0x000000f10b800000) (1024K)]
  0x00000207c5fe31f0 JavaThread "LtThreadPoolExecutorMonitor" daemon [_thread_blocked, id=7468, stack(0x000000f10b800000,0x000000f10b900000) (1024K)]
  0x00000207c68411c0 JavaThread "LtThreadPoolExecutorMonitor" daemon [_thread_blocked, id=21836, stack(0x000000f10b900000,0x000000f10ba00000) (1024K)]
  0x00000207c67d9920 JavaThread "idle-timeout-task"          daemon [_thread_blocked, id=20940, stack(0x000000f10ba00000,0x000000f10bb00000) (1024K)]
  0x00000207c516f720 JavaThread "HTTP-Dispatcher"                   [_thread_in_native, id=22244, stack(0x000000f10bb00000,0x000000f10bc00000) (1024K)]
  0x00000207db40fdc0 JavaThread "DestroyJavaVM"                     [_thread_blocked, id=19296, stack(0x000000f10a400000,0x000000f10a500000) (1024K)]
  0x00000207c522c190 JavaThread "lt-server-thread-0"                [_thread_blocked, id=11932, stack(0x000000f10bc00000,0x000000f10bd00000) (1024K)]
  0x00000207c6852d90 JavaThread "lt-server-thread-1"                [_thread_blocked, id=3420, stack(0x000000f10bd00000,0x000000f10be00000) (1024K)]
Total: 18

Other Threads:
=>0x00000207f8f27690 VMThread "VM Thread"                           [id=14544, stack(0x000000f10ab00000,0x000000f10ac00000) (1024K)]
  0x00000207f8f10850 WatcherThread "VM Periodic Task Thread"        [id=19320, stack(0x000000f10aa00000,0x000000f10ab00000) (1024K)]
  0x00000207dd59d860 WorkerThread "GC Thread#0"                     [id=19796, stack(0x000000f10a500000,0x000000f10a600000) (1024K)]
  0x00000207c547c230 WorkerThread "GC Thread#1"                     [id=9012, stack(0x000000f10b600000,0x000000f10b700000) (1024K)]
  0x00000207dd5aef60 ConcurrentGCThread "G1 Main Marker"            [id=13096, stack(0x000000f10a600000,0x000000f10a700000) (1024K)]
  0x00000207dd5afa70 WorkerThread "G1 Conc#0"                       [id=13820, stack(0x000000f10a700000,0x000000f10a800000) (1024K)]
  0x00000207f8de20c0 ConcurrentGCThread "G1 Refine#0"               [id=5056, stack(0x000000f10a800000,0x000000f10a900000) (1024K)]
  0x00000207dd60bbe0 ConcurrentGCThread "G1 Service"                [id=580, stack(0x000000f10a900000,0x000000f10aa00000) (1024K)]
Total: 8

Threads with active compile tasks:
Total: 0

VM state: at safepoint (normal execution)

VM Mutex/Monitor currently owned by a thread:  ([mutex/lock_event])
[0x00007ff8a9f5bbb8] Threads_lock - owner thread: 0x00000207f8f27690
[0x00007ff8a9f5bcb8] Heap_lock - owner thread: 0x00000207c5fcdfd0

Heap address: 0x0000000084800000, size: 1976 MB, Compressed Oops mode: 32-bit

CDS archive(s) mapped at: [0x0000020780000000-0x0000020780c60000-0x0000020780c60000), size 12976128, SharedBaseAddress: 0x0000020780000000, ArchiveRelocationMode: 1.
Compressed class space mapped at: 0x0000020781000000-0x00000207c1000000, reserved size: 1073741824
Narrow klass base: 0x0000020780000000, Narrow klass shift: 0, Narrow klass range: 0x41000000

GC Precious Log:
 CardTable entry size: 512
 Card Set container configuration: InlinePtr #cards 5 size 8 Array Of Cards #cards 12 size 40 Howl #buckets 4 coarsen threshold 1843 Howl Bitmap #cards 512 size 80 coarsen threshold 460 Card regions per heap region 1 cards per card region 2048
 CPUs: 2 total, 2 available
 Memory: 7896M
 Large Page Support: Disabled
 NUMA Support: Disabled
 Compressed Oops: Enabled (32-bit)
 Heap Region Size: 1M
 Heap Min Capacity: 8M
 Heap Initial Capacity: 124M
 Heap Max Capacity: 1976M
 Pre-touch: Disabled
 Parallel Workers: 2
 Concurrent Workers: 1
 Concurrent Refinement Workers: 2
 Periodic GC: Disabled

Heap:
 garbage-first heap   total reserved 2023424K, committed 268288K, used 75776K [0x0000000084800000, 0x0000000100000000)
  region size 1024K, 9 young (9216K), 9 survivors (9216K)
 Metaspace       used 14012K, committed 14272K, reserved 1114112K
  class space    used 1589K, committed 1728K, reserved 1048576K

Heap Regions: E=young(eden), S=young(survivor), O=old, HS=humongous(starts), HC=humongous(continues), CS=collection set, F=free, TAMS=top-at-mark-start, PB=parsable bottom
|   0|0x0000000084800000, 0x0000000084900000, 0x0000000084900000|100%| O|  |TAMS 0x0000000084800000| PB 0x0000000084800000| Untracked |  0
|   1|0x0000000084900000, 0x0000000084a00000, 0x0000000084a00000|100%| O|  |TAMS 0x0000000084900000| PB 0x0000000084900000| Untracked |  0
|   2|0x0000000084a00000, 0x0000000084b00000, 0x0000000084b00000|100%| O|  |TAMS 0x0000000084a00000| PB 0x0000000084a00000| Untracked |  0
|   3|0x0000000084b00000, 0x0000000084c00000, 0x0000000084c00000|100%| O|  |TAMS 0x0000000084b00000| PB 0x0000000084b00000| Untracked |  0
|   4|0x0000000084c00000, 0x0000000084d00000, 0x0000000084d00000|100%| O|  |TAMS 0x0000000084c00000| PB 0x0000000084c00000| Untracked |  0
|   5|0x0000000084d00000, 0x0000000084e00000, 0x0000000084e00000|100%| O|  |TAMS 0x0000000084d00000| PB 0x0000000084d00000| Untracked |  0
|   6|0x0000000084e00000, 0x0000000084f00000, 0x0000000084f00000|100%| O|  |TAMS 0x0000000084e00000| PB 0x0000000084e00000| Untracked |  0
|   7|0x0000000084f00000, 0x0000000085000000, 0x0000000085000000|100%| O|  |TAMS 0x0000000084f00000| PB 0x0000000084f00000| Untracked |  0
|   8|0x0000000085000000, 0x0000000085100000, 0x0000000085100000|100%| O|  |TAMS 0x0000000085000000| PB 0x0000000085000000| Untracked |  0
|   9|0x0000000085100000, 0x0000000085200000, 0x0000000085200000|100%| O|  |TAMS 0x0000000085100000| PB 0x0000000085100000| Untracked |  0
|  10|0x0000000085200000, 0x0000000085300000, 0x0000000085300000|100%| O|  |TAMS 0x0000000085200000| PB 0x0000000085200000| Untracked |  0
|  11|0x0000000085300000, 0x0000000085400000, 0x0000000085400000|100%| O|  |TAMS 0x0000000085300000| PB 0x0000000085300000| Untracked |  0
|  12|0x0000000085400000, 0x0000000085500000, 0x0000000085500000|100%| O|  |TAMS 0x0000000085400000| PB 0x0000000085400000| Untracked |  0
|  13|0x0000000085500000, 0x0000000085600000, 0x0000000085600000|100%| O|  |TAMS 0x0000000085500000| PB 0x0000000085500000| Untracked |  0
|  14|0x0000000085600000, 0x0000000085700000, 0x0000000085700000|100%| O|  |TAMS 0x0000000085600000| PB 0x0000000085600000| Untracked |  0
|  15|0x0000000085700000, 0x0000000085800000, 0x0000000085800000|100%|HS|  |TAMS 0x0000000085700000| PB 0x0000000085700000| Complete |  0
|  16|0x0000000085800000, 0x0000000085900000, 0x0000000085900000|100%| O|  |TAMS 0x0000000085800000| PB 0x0000000085800000| Untracked |  0
|  17|0x0000000085900000, 0x0000000085a00000, 0x0000000085a00000|100%| O|  |TAMS 0x0000000085900000| PB 0x0000000085900000| Untracked |  0
|  18|0x0000000085a00000, 0x0000000085b00000, 0x0000000085b00000|100%| O|  |TAMS 0x0000000085a00000| PB 0x0000000085a00000| Untracked |  0
|  19|0x0000000085b00000, 0x0000000085c00000, 0x0000000085c00000|100%| O|  |TAMS 0x0000000085b00000| PB 0x0000000085b00000| Untracked |  0
|  20|0x0000000085c00000, 0x0000000085d00000, 0x0000000085d00000|100%|HS|  |TAMS 0x0000000085c00000| PB 0x0000000085c00000| Complete |  0
|  21|0x0000000085d00000, 0x0000000085e00000, 0x0000000085e00000|100%|HC|  |TAMS 0x0000000085d00000| PB 0x0000000085d00000| Complete |  0
|  22|0x0000000085e00000, 0x0000000085f00000, 0x0000000085f00000|100%| O|  |TAMS 0x0000000085e00000| PB 0x0000000085e00000| Untracked |  0
|  23|0x0000000085f00000, 0x0000000086000000, 0x0000000086000000|100%| O|  |TAMS 0x0000000085f00000| PB 0x0000000085f00000| Untracked |  0
|  24|0x0000000086000000, 0x0000000086100000, 0x0000000086100000|100%| O|  |TAMS 0x0000000086000000| PB 0x0000000086000000| Untracked |  0
|  25|0x0000000086100000, 0x0000000086200000, 0x0000000086200000|100%| O|  |TAMS 0x0000000086100000| PB 0x0000000086100000| Untracked |  0
|  26|0x0000000086200000, 0x0000000086300000, 0x0000000086300000|100%| O|  |TAMS 0x0000000086200000| PB 0x0000000086200000| Untracked |  0
|  27|0x0000000086300000, 0x0000000086400000, 0x0000000086400000|100%| O|  |TAMS 0x0000000086300000| PB 0x0000000086300000| Untracked |  0
|  28|0x0000000086400000, 0x0000000086500000, 0x0000000086500000|100%| O|  |TAMS 0x0000000086400000| PB 0x0000000086400000| Untracked |  0
|  29|0x0000000086500000, 0x0000000086600000, 0x0000000086600000|100%| O|  |TAMS 0x0000000086500000| PB 0x0000000086500000| Untracked |  0
|  30|0x0000000086600000, 0x0000000086700000, 0x0000000086700000|100%| O|  |TAMS 0x0000000086600000| PB 0x0000000086600000| Untracked |  0
|  31|0x0000000086700000, 0x0000000086800000, 0x0000000086800000|100%| O|  |TAMS 0x0000000086700000| PB 0x0000000086700000| Untracked |  0
|  32|0x0000000086800000, 0x0000000086900000, 0x0000000086900000|100%| O|  |TAMS 0x0000000086800000| PB 0x0000000086800000| Untracked |  0
|  33|0x0000000086900000, 0x0000000086a00000, 0x0000000086a00000|100%| O|  |TAMS 0x0000000086900000| PB 0x0000000086900000| Untracked |  0
|  34|0x0000000086a00000, 0x0000000086b00000, 0x0000000086b00000|100%| O|  |TAMS 0x0000000086a00000| PB 0x0000000086a00000| Untracked |  0
|  35|0x0000000086b00000, 0x0000000086c00000, 0x0000000086c00000|100%| O|  |TAMS 0x0000000086b00000| PB 0x0000000086b00000| Untracked |  0
|  36|0x0000000086c00000, 0x0000000086d00000, 0x0000000086d00000|100%| O|  |TAMS 0x0000000086c00000| PB 0x0000000086c00000| Untracked |  0
|  37|0x0000000086d00000, 0x0000000086e00000, 0x0000000086e00000|100%| O|  |TAMS 0x0000000086d00000| PB 0x0000000086d00000| Untracked |  0
|  38|0x0000000086e00000, 0x0000000086f00000, 0x0000000086f00000|100%|HS|  |TAMS 0x0000000086e00000| PB 0x0000000086e00000| Complete |  0
|  39|0x0000000086f00000, 0x0000000087000000, 0x0000000087000000|100%|HC|  |TAMS 0x0000000086f00000| PB 0x0000000086f00000| Complete |  0
|  40|0x0000000087000000, 0x0000000087100000, 0x0000000087100000|100%|HC|  |TAMS 0x0000000087000000| PB 0x0000000087000000| Complete |  0
|  41|0x0000000087100000, 0x0000000087200000, 0x0000000087200000|100%| O|  |TAMS 0x0000000087100000| PB 0x0000000087100000| Untracked |  0
|  42|0x0000000087200000, 0x0000000087300000, 0x0000000087300000|100%| O|  |TAMS 0x0000000087200000| PB 0x0000000087200000| Untracked |  0
|  43|0x0000000087300000, 0x0000000087400000, 0x0000000087400000|100%| O|  |TAMS 0x0000000087300000| PB 0x0000000087300000| Untracked |  0
|  44|0x0000000087400000, 0x0000000087500000, 0x0000000087500000|100%| O|  |TAMS 0x0000000087400000| PB 0x0000000087400000| Untracked |  0
|  45|0x0000000087500000, 0x0000000087600000, 0x0000000087600000|100%| O|  |TAMS 0x0000000087500000| PB 0x0000000087500000| Untracked |  0
|  46|0x0000000087600000, 0x0000000087700000, 0x0000000087700000|100%| O|  |TAMS 0x0000000087600000| PB 0x0000000087600000| Untracked |  0
|  47|0x0000000087700000, 0x0000000087800000, 0x0000000087800000|100%| O|  |TAMS 0x0000000087700000| PB 0x0000000087700000| Untracked |  0
|  48|0x0000000087800000, 0x0000000087900000, 0x0000000087900000|100%| O|  |TAMS 0x0000000087800000| PB 0x0000000087800000| Untracked |  0
|  49|0x0000000087900000, 0x0000000087a00000, 0x0000000087a00000|100%| O|  |TAMS 0x0000000087900000| PB 0x0000000087900000| Untracked |  0
|  50|0x0000000087a00000, 0x0000000087b00000, 0x0000000087b00000|100%| O|  |TAMS 0x0000000087a00000| PB 0x0000000087a00000| Untracked |  0
|  51|0x0000000087b00000, 0x0000000087c00000, 0x0000000087c00000|100%| O|  |TAMS 0x0000000087b00000| PB 0x0000000087b00000| Untracked |  0
|  52|0x0000000087c00000, 0x0000000087d00000, 0x0000000087d00000|100%| O|  |TAMS 0x0000000087c00000| PB 0x0000000087c00000| Untracked |  0
|  53|0x0000000087d00000, 0x0000000087e00000, 0x0000000087e00000|100%| O|  |TAMS 0x0000000087d00000| PB 0x0000000087d00000| Untracked |  0
|  54|0x0000000087e00000, 0x0000000087f00000, 0x0000000087f00000|100%| O|  |TAMS 0x0000000087e00000| PB 0x0000000087e00000| Untracked |  0
|  55|0x0000000087f00000, 0x0000000088000000, 0x0000000088000000|100%| O|  |TAMS 0x0000000087f00000| PB 0x0000000087f00000| Untracked |  0
|  56|0x0000000088000000, 0x0000000088100000, 0x0000000088100000|100%| O|  |TAMS 0x0000000088000000| PB 0x0000000088000000| Untracked |  0
|  57|0x0000000088100000, 0x0000000088200000, 0x0000000088200000|100%| O|  |TAMS 0x0000000088100000| PB 0x0000000088100000| Untracked |  0
|  58|0x0000000088200000, 0x0000000088300000, 0x0000000088300000|100%| O|  |TAMS 0x0000000088200000| PB 0x0000000088200000| Untracked |  0
|  59|0x0000000088300000, 0x0000000088400000, 0x0000000088400000|100%| O|  |TAMS 0x0000000088300000| PB 0x0000000088300000| Untracked |  0
|  60|0x0000000088400000, 0x0000000088500000, 0x0000000088500000|100%| O|  |TAMS 0x0000000088400000| PB 0x0000000088400000| Untracked |  0
|  61|0x0000000088500000, 0x0000000088600000, 0x0000000088600000|100%| O|  |TAMS 0x0000000088500000| PB 0x0000000088500000| Untracked |  0
|  62|0x0000000088600000, 0x0000000088700000, 0x0000000088700000|100%| O|  |TAMS 0x0000000088600000| PB 0x0000000088600000| Untracked |  0
|  63|0x0000000088700000, 0x0000000088800000, 0x0000000088800000|100%| O|  |TAMS 0x0000000088700000| PB 0x0000000088700000| Untracked |  0
|  64|0x0000000088800000, 0x0000000088900000, 0x0000000088900000|100%| O|  |TAMS 0x0000000088800000| PB 0x0000000088800000| Untracked |  0
|  65|0x0000000088900000, 0x0000000088900000, 0x0000000088a00000|  0%| F|  |TAMS 0x0000000088900000| PB 0x0000000088900000| Untracked |  0
|  66|0x0000000088a00000, 0x0000000088a00000, 0x0000000088b00000|  0%| F|  |TAMS 0x0000000088a00000| PB 0x0000000088a00000| Untracked |  0
|  67|0x0000000088b00000, 0x0000000088b00000, 0x0000000088c00000|  0%| F|  |TAMS 0x0000000088b00000| PB 0x0000000088b00000| Untracked |  0
|  68|0x0000000088c00000, 0x0000000088c00000, 0x0000000088d00000|  0%| F|  |TAMS 0x0000000088c00000| PB 0x0000000088c00000| Untracked |  0
|  69|0x0000000088d00000, 0x0000000088d00000, 0x0000000088e00000|  0%| F|  |TAMS 0x0000000088d00000| PB 0x0000000088d00000| Untracked |  0
|  70|0x0000000088e00000, 0x0000000088e00000, 0x0000000088f00000|  0%| F|  |TAMS 0x0000000088e00000| PB 0x0000000088e00000| Untracked |  0
|  71|0x0000000088f00000, 0x0000000088f00000, 0x0000000089000000|  0%| F|  |TAMS 0x0000000088f00000| PB 0x0000000088f00000| Untracked |  0
|  72|0x0000000089000000, 0x0000000089000000, 0x0000000089100000|  0%| F|  |TAMS 0x0000000089000000| PB 0x0000000089000000| Untracked |  0
|  73|0x0000000089100000, 0x0000000089100000, 0x0000000089200000|  0%| F|  |TAMS 0x0000000089100000| PB 0x0000000089100000| Untracked |  0
|  74|0x0000000089200000, 0x0000000089200000, 0x0000000089300000|  0%| F|  |TAMS 0x0000000089200000| PB 0x0000000089200000| Untracked |  0
|  75|0x0000000089300000, 0x0000000089300000, 0x0000000089400000|  0%| F|  |TAMS 0x0000000089300000| PB 0x0000000089300000| Untracked |  0
|  76|0x0000000089400000, 0x0000000089400000, 0x0000000089500000|  0%| F|  |TAMS 0x0000000089400000| PB 0x0000000089400000| Untracked |  0
|  77|0x0000000089500000, 0x0000000089500000, 0x0000000089600000|  0%| F|  |TAMS 0x0000000089500000| PB 0x0000000089500000| Untracked |  0
|  78|0x0000000089600000, 0x0000000089600000, 0x0000000089700000|  0%| F|  |TAMS 0x0000000089600000| PB 0x0000000089600000| Untracked |  0
|  79|0x0000000089700000, 0x0000000089700000, 0x0000000089800000|  0%| F|  |TAMS 0x0000000089700000| PB 0x0000000089700000| Untracked |  0
|  80|0x0000000089800000, 0x0000000089800000, 0x0000000089900000|  0%| F|  |TAMS 0x0000000089800000| PB 0x0000000089800000| Untracked |  0
|  81|0x0000000089900000, 0x0000000089900000, 0x0000000089a00000|  0%| F|  |TAMS 0x0000000089900000| PB 0x0000000089900000| Untracked |  0
|  82|0x0000000089a00000, 0x0000000089a00000, 0x0000000089b00000|  0%| F|  |TAMS 0x0000000089a00000| PB 0x0000000089a00000| Untracked |  0
|  83|0x0000000089b00000, 0x0000000089b00000, 0x0000000089c00000|  0%| F|  |TAMS 0x0000000089b00000| PB 0x0000000089b00000| Untracked |  0
|  84|0x0000000089c00000, 0x0000000089c00000, 0x0000000089d00000|  0%| F|  |TAMS 0x0000000089c00000| PB 0x0000000089c00000| Untracked |  0
|  85|0x0000000089d00000, 0x0000000089d00000, 0x0000000089e00000|  0%| F|  |TAMS 0x0000000089d00000| PB 0x0000000089d00000| Untracked |  0
|  86|0x0000000089e00000, 0x0000000089e00000, 0x0000000089f00000|  0%| F|  |TAMS 0x0000000089e00000| PB 0x0000000089e00000| Untracked |  0
|  87|0x0000000089f00000, 0x0000000089f00000, 0x000000008a000000|  0%| F|  |TAMS 0x0000000089f00000| PB 0x0000000089f00000| Untracked |  0
|  88|0x000000008a000000, 0x000000008a000000, 0x000000008a100000|  0%| F|  |TAMS 0x000000008a000000| PB 0x000000008a000000| Untracked |  0
|  89|0x000000008a100000, 0x000000008a100000, 0x000000008a200000|  0%| F|  |TAMS 0x000000008a100000| PB 0x000000008a100000| Untracked |  0
|  90|0x000000008a200000, 0x000000008a200000, 0x000000008a300000|  0%| F|  |TAMS 0x000000008a200000| PB 0x000000008a200000| Untracked |  0
|  91|0x000000008a300000, 0x000000008a300000, 0x000000008a400000|  0%| F|  |TAMS 0x000000008a300000| PB 0x000000008a300000| Untracked |  0
|  92|0x000000008a400000, 0x000000008a400000, 0x000000008a500000|  0%| F|  |TAMS 0x000000008a400000| PB 0x000000008a400000| Untracked |  0
|  93|0x000000008a500000, 0x000000008a500000, 0x000000008a600000|  0%| F|  |TAMS 0x000000008a500000| PB 0x000000008a500000| Untracked |  0
|  94|0x000000008a600000, 0x000000008a600000, 0x000000008a700000|  0%| F|  |TAMS 0x000000008a600000| PB 0x000000008a600000| Untracked |  0
|  95|0x000000008a700000, 0x000000008a700000, 0x000000008a800000|  0%| F|  |TAMS 0x000000008a700000| PB 0x000000008a700000| Untracked |  0
|  96|0x000000008a800000, 0x000000008a800000, 0x000000008a900000|  0%| F|  |TAMS 0x000000008a800000| PB 0x000000008a800000| Untracked |  0
|  97|0x000000008a900000, 0x000000008a900000, 0x000000008aa00000|  0%| F|  |TAMS 0x000000008a900000| PB 0x000000008a900000| Untracked |  0
|  98|0x000000008aa00000, 0x000000008aa00000, 0x000000008ab00000|  0%| F|  |TAMS 0x000000008aa00000| PB 0x000000008aa00000| Untracked |  0
|  99|0x000000008ab00000, 0x000000008ab00000, 0x000000008ac00000|  0%| F|  |TAMS 0x000000008ab00000| PB 0x000000008ab00000| Untracked |  0
| 100|0x000000008ac00000, 0x000000008ac00000, 0x000000008ad00000|  0%| F|  |TAMS 0x000000008ac00000| PB 0x000000008ac00000| Untracked |  0
| 101|0x000000008ad00000, 0x000000008ad00000, 0x000000008ae00000|  0%| F|  |TAMS 0x000000008ad00000| PB 0x000000008ad00000| Untracked |  0
| 102|0x000000008ae00000, 0x000000008ae00000, 0x000000008af00000|  0%| F|  |TAMS 0x000000008ae00000| PB 0x000000008ae00000| Untracked |  0
| 103|0x000000008af00000, 0x000000008af00000, 0x000000008b000000|  0%| F|  |TAMS 0x000000008af00000| PB 0x000000008af00000| Untracked |  0
| 104|0x000000008b000000, 0x000000008b000000, 0x000000008b100000|  0%| F|  |TAMS 0x000000008b000000| PB 0x000000008b000000| Untracked |  0
| 105|0x000000008b100000, 0x000000008b100000, 0x000000008b200000|  0%| F|  |TAMS 0x000000008b100000| PB 0x000000008b100000| Untracked |  0
| 106|0x000000008b200000, 0x000000008b200000, 0x000000008b300000|  0%| F|  |TAMS 0x000000008b200000| PB 0x000000008b200000| Untracked |  0
| 107|0x000000008b300000, 0x000000008b300000, 0x000000008b400000|  0%| F|  |TAMS 0x000000008b300000| PB 0x000000008b300000| Untracked |  0
| 108|0x000000008b400000, 0x000000008b400000, 0x000000008b500000|  0%| F|  |TAMS 0x000000008b400000| PB 0x000000008b400000| Untracked |  0
| 109|0x000000008b500000, 0x000000008b500000, 0x000000008b600000|  0%| F|  |TAMS 0x000000008b500000| PB 0x000000008b500000| Untracked |  0
| 110|0x000000008b600000, 0x000000008b600000, 0x000000008b700000|  0%| F|  |TAMS 0x000000008b600000| PB 0x000000008b600000| Untracked |  0
| 111|0x000000008b700000, 0x000000008b700000, 0x000000008b800000|  0%| F|  |TAMS 0x000000008b700000| PB 0x000000008b700000| Untracked |  0
| 112|0x000000008b800000, 0x000000008b800000, 0x000000008b900000|  0%| F|  |TAMS 0x000000008b800000| PB 0x000000008b800000| Untracked |  0
| 113|0x000000008b900000, 0x000000008b900000, 0x000000008ba00000|  0%| F|  |TAMS 0x000000008b900000| PB 0x000000008b900000| Untracked |  0
| 114|0x000000008ba00000, 0x000000008ba00000, 0x000000008bb00000|  0%| F|  |TAMS 0x000000008ba00000| PB 0x000000008ba00000| Untracked |  0
| 115|0x000000008bb00000, 0x000000008bb00000, 0x000000008bc00000|  0%| F|  |TAMS 0x000000008bb00000| PB 0x000000008bb00000| Untracked |  0
| 116|0x000000008bc00000, 0x000000008bc00000, 0x000000008bd00000|  0%| F|  |TAMS 0x000000008bc00000| PB 0x000000008bc00000| Untracked |  0
| 117|0x000000008bd00000, 0x000000008bd00000, 0x000000008be00000|  0%| F|  |TAMS 0x000000008bd00000| PB 0x000000008bd00000| Untracked |  0
| 118|0x000000008be00000, 0x000000008be00000, 0x000000008bf00000|  0%| F|  |TAMS 0x000000008be00000| PB 0x000000008be00000| Untracked |  0
| 119|0x000000008bf00000, 0x000000008bf00000, 0x000000008c000000|  0%| F|  |TAMS 0x000000008bf00000| PB 0x000000008bf00000| Untracked |  0
| 120|0x000000008c000000, 0x000000008c000000, 0x000000008c100000|  0%| F|  |TAMS 0x000000008c000000| PB 0x000000008c000000| Untracked |  0
| 121|0x000000008c100000, 0x000000008c100000, 0x000000008c200000|  0%| F|  |TAMS 0x000000008c100000| PB 0x000000008c100000| Untracked |  0
| 122|0x000000008c200000, 0x000000008c200000, 0x000000008c300000|  0%| F|  |TAMS 0x000000008c200000| PB 0x000000008c200000| Untracked |  0
| 123|0x000000008c300000, 0x000000008c300000, 0x000000008c400000|  0%| F|  |TAMS 0x000000008c300000| PB 0x000000008c300000| Untracked |  0
| 124|0x000000008c400000, 0x000000008c400000, 0x000000008c500000|  0%| F|  |TAMS 0x000000008c400000| PB 0x000000008c400000| Untracked |  0
| 125|0x000000008c500000, 0x000000008c500000, 0x000000008c600000|  0%| F|  |TAMS 0x000000008c500000| PB 0x000000008c500000| Untracked |  0
| 126|0x000000008c600000, 0x000000008c600000, 0x000000008c700000|  0%| F|  |TAMS 0x000000008c600000| PB 0x000000008c600000| Untracked |  0
| 127|0x000000008c700000, 0x000000008c700000, 0x000000008c800000|  0%| F|  |TAMS 0x000000008c700000| PB 0x000000008c700000| Untracked |  0
| 128|0x000000008c800000, 0x000000008c800000, 0x000000008c900000|  0%| F|  |TAMS 0x000000008c800000| PB 0x000000008c800000| Untracked |  0
| 129|0x000000008c900000, 0x000000008c900000, 0x000000008ca00000|  0%| F|  |TAMS 0x000000008c900000| PB 0x000000008c900000| Untracked |  0
| 130|0x000000008ca00000, 0x000000008ca00000, 0x000000008cb00000|  0%| F|  |TAMS 0x000000008ca00000| PB 0x000000008ca00000| Untracked |  0
| 131|0x000000008cb00000, 0x000000008cb00000, 0x000000008cc00000|  0%| F|  |TAMS 0x000000008cb00000| PB 0x000000008cb00000| Untracked |  0
| 132|0x000000008cc00000, 0x000000008cc00000, 0x000000008cd00000|  0%| F|  |TAMS 0x000000008cc00000| PB 0x000000008cc00000| Untracked |  0
| 133|0x000000008cd00000, 0x000000008cd00000, 0x000000008ce00000|  0%| F|  |TAMS 0x000000008cd00000| PB 0x000000008cd00000| Untracked |  0
| 134|0x000000008ce00000, 0x000000008ce00000, 0x000000008cf00000|  0%| F|  |TAMS 0x000000008ce00000| PB 0x000000008ce00000| Untracked |  0
| 135|0x000000008cf00000, 0x000000008cf00000, 0x000000008d000000|  0%| F|  |TAMS 0x000000008cf00000| PB 0x000000008cf00000| Untracked |  0
| 136|0x000000008d000000, 0x000000008d000000, 0x000000008d100000|  0%| F|  |TAMS 0x000000008d000000| PB 0x000000008d000000| Untracked |  0
| 137|0x000000008d100000, 0x000000008d100000, 0x000000008d200000|  0%| F|  |TAMS 0x000000008d100000| PB 0x000000008d100000| Untracked |  0
| 138|0x000000008d200000, 0x000000008d200000, 0x000000008d300000|  0%| F|  |TAMS 0x000000008d200000| PB 0x000000008d200000| Untracked |  0
| 139|0x000000008d300000, 0x000000008d300000, 0x000000008d400000|  0%| F|  |TAMS 0x000000008d300000| PB 0x000000008d300000| Untracked |  0
| 140|0x000000008d400000, 0x000000008d400000, 0x000000008d500000|  0%| F|  |TAMS 0x000000008d400000| PB 0x000000008d400000| Untracked |  0
| 141|0x000000008d500000, 0x000000008d500000, 0x000000008d600000|  0%| F|  |TAMS 0x000000008d500000| PB 0x000000008d500000| Untracked |  0
| 142|0x000000008d600000, 0x000000008d600000, 0x000000008d700000|  0%| F|  |TAMS 0x000000008d600000| PB 0x000000008d600000| Untracked |  0
| 143|0x000000008d700000, 0x000000008d700000, 0x000000008d800000|  0%| F|  |TAMS 0x000000008d700000| PB 0x000000008d700000| Untracked |  0
| 144|0x000000008d800000, 0x000000008d800000, 0x000000008d900000|  0%| F|  |TAMS 0x000000008d800000| PB 0x000000008d800000| Untracked |  0
| 145|0x000000008d900000, 0x000000008d900000, 0x000000008da00000|  0%| F|  |TAMS 0x000000008d900000| PB 0x000000008d900000| Untracked |  0
| 146|0x000000008da00000, 0x000000008da00000, 0x000000008db00000|  0%| F|  |TAMS 0x000000008da00000| PB 0x000000008da00000| Untracked |  0
| 147|0x000000008db00000, 0x000000008db00000, 0x000000008dc00000|  0%| F|  |TAMS 0x000000008db00000| PB 0x000000008db00000| Untracked |  0
| 148|0x000000008dc00000, 0x000000008dc00000, 0x000000008dd00000|  0%| F|  |TAMS 0x000000008dc00000| PB 0x000000008dc00000| Untracked |  0
| 149|0x000000008dd00000, 0x000000008dd00000, 0x000000008de00000|  0%| F|  |TAMS 0x000000008dd00000| PB 0x000000008dd00000| Untracked |  0
| 150|0x000000008de00000, 0x000000008de00000, 0x000000008df00000|  0%| F|  |TAMS 0x000000008de00000| PB 0x000000008de00000| Untracked |  0
| 151|0x000000008df00000, 0x000000008df00000, 0x000000008e000000|  0%| F|  |TAMS 0x000000008df00000| PB 0x000000008df00000| Untracked |  0
| 152|0x000000008e000000, 0x000000008e000000, 0x000000008e100000|  0%| F|  |TAMS 0x000000008e000000| PB 0x000000008e000000| Untracked |  0
| 153|0x000000008e100000, 0x000000008e100000, 0x000000008e200000|  0%| F|  |TAMS 0x000000008e100000| PB 0x000000008e100000| Untracked |  0
| 154|0x000000008e200000, 0x000000008e200000, 0x000000008e300000|  0%| F|  |TAMS 0x000000008e200000| PB 0x000000008e200000| Untracked |  0
| 155|0x000000008e300000, 0x000000008e300000, 0x000000008e400000|  0%| F|  |TAMS 0x000000008e300000| PB 0x000000008e300000| Untracked |  0
| 156|0x000000008e400000, 0x000000008e400000, 0x000000008e500000|  0%| F|  |TAMS 0x000000008e400000| PB 0x000000008e400000| Untracked |  0
| 157|0x000000008e500000, 0x000000008e500000, 0x000000008e600000|  0%| F|  |TAMS 0x000000008e500000| PB 0x000000008e500000| Untracked |  0
| 158|0x000000008e600000, 0x000000008e600000, 0x000000008e700000|  0%| F|  |TAMS 0x000000008e600000| PB 0x000000008e600000| Untracked |  0
| 159|0x000000008e700000, 0x000000008e700000, 0x000000008e800000|  0%| F|  |TAMS 0x000000008e700000| PB 0x000000008e700000| Untracked |  0
| 160|0x000000008e800000, 0x000000008e800000, 0x000000008e900000|  0%| F|  |TAMS 0x000000008e800000| PB 0x000000008e800000| Untracked |  0
| 161|0x000000008e900000, 0x000000008e900000, 0x000000008ea00000|  0%| F|  |TAMS 0x000000008e900000| PB 0x000000008e900000| Untracked |  0
| 162|0x000000008ea00000, 0x000000008ea00000, 0x000000008eb00000|  0%| F|  |TAMS 0x000000008ea00000| PB 0x000000008ea00000| Untracked |  0
| 163|0x000000008eb00000, 0x000000008eb00000, 0x000000008ec00000|  0%| F|  |TAMS 0x000000008eb00000| PB 0x000000008eb00000| Untracked |  0
| 164|0x000000008ec00000, 0x000000008ec00000, 0x000000008ed00000|  0%| F|  |TAMS 0x000000008ec00000| PB 0x000000008ec00000| Untracked |  0
| 165|0x000000008ed00000, 0x000000008ed00000, 0x000000008ee00000|  0%| F|  |TAMS 0x000000008ed00000| PB 0x000000008ed00000| Untracked |  0
| 166|0x000000008ee00000, 0x000000008ee00000, 0x000000008ef00000|  0%| F|  |TAMS 0x000000008ee00000| PB 0x000000008ee00000| Untracked |  0
| 167|0x000000008ef00000, 0x000000008ef00000, 0x000000008f000000|  0%| F|  |TAMS 0x000000008ef00000| PB 0x000000008ef00000| Untracked |  0
| 168|0x000000008f000000, 0x000000008f000000, 0x000000008f100000|  0%| F|  |TAMS 0x000000008f000000| PB 0x000000008f000000| Untracked |  0
| 169|0x000000008f100000, 0x000000008f100000, 0x000000008f200000|  0%| F|  |TAMS 0x000000008f100000| PB 0x000000008f100000| Untracked |  0
| 170|0x000000008f200000, 0x000000008f200000, 0x000000008f300000|  0%| F|  |TAMS 0x000000008f200000| PB 0x000000008f200000| Untracked |  0
| 171|0x000000008f300000, 0x000000008f300000, 0x000000008f400000|  0%| F|  |TAMS 0x000000008f300000| PB 0x000000008f300000| Untracked |  0
| 172|0x000000008f400000, 0x000000008f400000, 0x000000008f500000|  0%| F|  |TAMS 0x000000008f400000| PB 0x000000008f400000| Untracked |  0
| 173|0x000000008f500000, 0x000000008f500000, 0x000000008f600000|  0%| F|  |TAMS 0x000000008f500000| PB 0x000000008f500000| Untracked |  0
| 174|0x000000008f600000, 0x000000008f600000, 0x000000008f700000|  0%| F|  |TAMS 0x000000008f600000| PB 0x000000008f600000| Untracked |  0
| 175|0x000000008f700000, 0x000000008f700000, 0x000000008f800000|  0%| F|  |TAMS 0x000000008f700000| PB 0x000000008f700000| Untracked |  0
| 176|0x000000008f800000, 0x000000008f800000, 0x000000008f900000|  0%| F|  |TAMS 0x000000008f800000| PB 0x000000008f800000| Untracked |  0
| 177|0x000000008f900000, 0x000000008f900000, 0x000000008fa00000|  0%| F|  |TAMS 0x000000008f900000| PB 0x000000008f900000| Untracked |  0
| 178|0x000000008fa00000, 0x000000008fa00000, 0x000000008fb00000|  0%| F|  |TAMS 0x000000008fa00000| PB 0x000000008fa00000| Untracked |  0
| 179|0x000000008fb00000, 0x000000008fb00000, 0x000000008fc00000|  0%| F|  |TAMS 0x000000008fb00000| PB 0x000000008fb00000| Untracked |  0
| 180|0x000000008fc00000, 0x000000008fc00000, 0x000000008fd00000|  0%| F|  |TAMS 0x000000008fc00000| PB 0x000000008fc00000| Untracked |  0
| 181|0x000000008fd00000, 0x000000008fd00000, 0x000000008fe00000|  0%| F|  |TAMS 0x000000008fd00000| PB 0x000000008fd00000| Untracked |  0
| 182|0x000000008fe00000, 0x000000008fe00000, 0x000000008ff00000|  0%| F|  |TAMS 0x000000008fe00000| PB 0x000000008fe00000| Untracked |  0
| 183|0x000000008ff00000, 0x000000008ff00000, 0x0000000090000000|  0%| F|  |TAMS 0x000000008ff00000| PB 0x000000008ff00000| Untracked |  0
| 184|0x0000000090000000, 0x0000000090100000, 0x0000000090100000|100%| S|CS|TAMS 0x0000000090000000| PB 0x0000000090000000| Complete |  0
| 185|0x0000000090100000, 0x0000000090200000, 0x0000000090200000|100%| S|CS|TAMS 0x0000000090100000| PB 0x0000000090100000| Complete |  0
| 186|0x0000000090200000, 0x0000000090300000, 0x0000000090300000|100%| S|CS|TAMS 0x0000000090200000| PB 0x0000000090200000| Complete |  0
| 187|0x0000000090300000, 0x0000000090400000, 0x0000000090400000|100%| S|CS|TAMS 0x0000000090300000| PB 0x0000000090300000| Complete |  0
| 188|0x0000000090400000, 0x0000000090500000, 0x0000000090500000|100%| S|CS|TAMS 0x0000000090400000| PB 0x0000000090400000| Complete |  0
| 189|0x0000000090500000, 0x0000000090600000, 0x0000000090600000|100%| S|CS|TAMS 0x0000000090500000| PB 0x0000000090500000| Complete |  0
| 190|0x0000000090600000, 0x0000000090700000, 0x0000000090700000|100%| S|CS|TAMS 0x0000000090600000| PB 0x0000000090600000| Complete |  0
| 191|0x0000000090700000, 0x0000000090800000, 0x0000000090800000|100%| S|CS|TAMS 0x0000000090700000| PB 0x0000000090700000| Complete |  0
| 192|0x0000000090800000, 0x0000000090900000, 0x0000000090900000|100%| S|CS|TAMS 0x0000000090800000| PB 0x0000000090800000| Complete |  0
| 193|0x0000000090900000, 0x0000000090900000, 0x0000000090a00000|  0%| F|  |TAMS 0x0000000090900000| PB 0x0000000090900000| Untracked |  0
| 194|0x0000000090a00000, 0x0000000090a00000, 0x0000000090b00000|  0%| F|  |TAMS 0x0000000090a00000| PB 0x0000000090a00000| Untracked |  0
| 195|0x0000000090b00000, 0x0000000090b00000, 0x0000000090c00000|  0%| F|  |TAMS 0x0000000090b00000| PB 0x0000000090b00000| Untracked |  0
| 196|0x0000000090c00000, 0x0000000090c00000, 0x0000000090d00000|  0%| F|  |TAMS 0x0000000090c00000| PB 0x0000000090c00000| Untracked |  0
| 197|0x0000000090d00000, 0x0000000090d00000, 0x0000000090e00000|  0%| F|  |TAMS 0x0000000090d00000| PB 0x0000000090d00000| Untracked |  0
| 198|0x0000000090e00000, 0x0000000090e00000, 0x0000000090f00000|  0%| F|  |TAMS 0x0000000090e00000| PB 0x0000000090e00000| Untracked |  0
| 199|0x0000000090f00000, 0x0000000090f00000, 0x0000000091000000|  0%| F|  |TAMS 0x0000000090f00000| PB 0x0000000090f00000| Untracked |  0
| 200|0x0000000091000000, 0x0000000091000000, 0x0000000091100000|  0%| F|  |TAMS 0x0000000091000000| PB 0x0000000091000000| Untracked |  0
| 201|0x0000000091100000, 0x0000000091100000, 0x0000000091200000|  0%| F|  |TAMS 0x0000000091100000| PB 0x0000000091100000| Untracked |  0
| 202|0x0000000091200000, 0x0000000091200000, 0x0000000091300000|  0%| F|  |TAMS 0x0000000091200000| PB 0x0000000091200000| Untracked |  0
| 203|0x0000000091300000, 0x0000000091300000, 0x0000000091400000|  0%| F|  |TAMS 0x0000000091300000| PB 0x0000000091300000| Untracked |  0
| 204|0x0000000091400000, 0x0000000091400000, 0x0000000091500000|  0%| F|  |TAMS 0x0000000091400000| PB 0x0000000091400000| Untracked |  0
| 205|0x0000000091500000, 0x0000000091500000, 0x0000000091600000|  0%| F|  |TAMS 0x0000000091500000| PB 0x0000000091500000| Untracked |  0
| 206|0x0000000091600000, 0x0000000091600000, 0x0000000091700000|  0%| F|  |TAMS 0x0000000091600000| PB 0x0000000091600000| Untracked |  0
| 207|0x0000000091700000, 0x0000000091700000, 0x0000000091800000|  0%| F|  |TAMS 0x0000000091700000| PB 0x0000000091700000| Untracked |  0
| 208|0x0000000091800000, 0x0000000091800000, 0x0000000091900000|  0%| F|  |TAMS 0x0000000091800000| PB 0x0000000091800000| Untracked |  0
| 209|0x0000000091900000, 0x0000000091900000, 0x0000000091a00000|  0%| F|  |TAMS 0x0000000091900000| PB 0x0000000091900000| Untracked |  0
| 210|0x0000000091a00000, 0x0000000091a00000, 0x0000000091b00000|  0%| F|  |TAMS 0x0000000091a00000| PB 0x0000000091a00000| Untracked |  0
| 211|0x0000000091b00000, 0x0000000091b00000, 0x0000000091c00000|  0%| F|  |TAMS 0x0000000091b00000| PB 0x0000000091b00000| Untracked |  0
| 212|0x0000000091c00000, 0x0000000091c00000, 0x0000000091d00000|  0%| F|  |TAMS 0x0000000091c00000| PB 0x0000000091c00000| Untracked |  0
| 213|0x0000000091d00000, 0x0000000091d00000, 0x0000000091e00000|  0%| F|  |TAMS 0x0000000091d00000| PB 0x0000000091d00000| Untracked |  0
| 214|0x0000000091e00000, 0x0000000091e00000, 0x0000000091f00000|  0%| F|  |TAMS 0x0000000091e00000| PB 0x0000000091e00000| Untracked |  0
| 215|0x0000000091f00000, 0x0000000091f00000, 0x0000000092000000|  0%| F|  |TAMS 0x0000000091f00000| PB 0x0000000091f00000| Untracked |  0
| 216|0x0000000092000000, 0x0000000092000000, 0x0000000092100000|  0%| F|  |TAMS 0x0000000092000000| PB 0x0000000092000000| Untracked |  0
| 217|0x0000000092100000, 0x0000000092100000, 0x0000000092200000|  0%| F|  |TAMS 0x0000000092100000| PB 0x0000000092100000| Untracked |  0
| 218|0x0000000092200000, 0x0000000092200000, 0x0000000092300000|  0%| F|  |TAMS 0x0000000092200000| PB 0x0000000092200000| Untracked |  0
| 219|0x0000000092300000, 0x0000000092300000, 0x0000000092400000|  0%| F|  |TAMS 0x0000000092300000| PB 0x0000000092300000| Untracked |  0
| 220|0x0000000092400000, 0x0000000092400000, 0x0000000092500000|  0%| F|  |TAMS 0x0000000092400000| PB 0x0000000092400000| Untracked |  0
| 221|0x0000000092500000, 0x0000000092500000, 0x0000000092600000|  0%| F|  |TAMS 0x0000000092500000| PB 0x0000000092500000| Untracked |  0
| 222|0x0000000092600000, 0x0000000092600000, 0x0000000092700000|  0%| F|  |TAMS 0x0000000092600000| PB 0x0000000092600000| Untracked |  0
| 223|0x0000000092700000, 0x0000000092700000, 0x0000000092800000|  0%| F|  |TAMS 0x0000000092700000| PB 0x0000000092700000| Untracked |  0
| 224|0x0000000092800000, 0x0000000092800000, 0x0000000092900000|  0%| F|  |TAMS 0x0000000092800000| PB 0x0000000092800000| Untracked |  0
| 225|0x0000000092900000, 0x0000000092900000, 0x0000000092a00000|  0%| F|  |TAMS 0x0000000092900000| PB 0x0000000092900000| Untracked |  0
| 226|0x0000000092a00000, 0x0000000092a00000, 0x0000000092b00000|  0%| F|  |TAMS 0x0000000092a00000| PB 0x0000000092a00000| Untracked |  0
| 227|0x0000000092b00000, 0x0000000092b00000, 0x0000000092c00000|  0%| F|  |TAMS 0x0000000092b00000| PB 0x0000000092b00000| Untracked |  0
| 228|0x0000000092c00000, 0x0000000092c00000, 0x0000000092d00000|  0%| F|  |TAMS 0x0000000092c00000| PB 0x0000000092c00000| Untracked |  0
| 229|0x0000000092d00000, 0x0000000092d00000, 0x0000000092e00000|  0%| F|  |TAMS 0x0000000092d00000| PB 0x0000000092d00000| Untracked |  0
| 230|0x0000000092e00000, 0x0000000092e00000, 0x0000000092f00000|  0%| F|  |TAMS 0x0000000092e00000| PB 0x0000000092e00000| Untracked |  0
| 231|0x0000000092f00000, 0x0000000092f00000, 0x0000000093000000|  0%| F|  |TAMS 0x0000000092f00000| PB 0x0000000092f00000| Untracked |  0
| 232|0x0000000093000000, 0x0000000093000000, 0x0000000093100000|  0%| F|  |TAMS 0x0000000093000000| PB 0x0000000093000000| Untracked |  0
| 233|0x0000000093100000, 0x0000000093100000, 0x0000000093200000|  0%| F|  |TAMS 0x0000000093100000| PB 0x0000000093100000| Untracked |  0
| 234|0x0000000093200000, 0x0000000093200000, 0x0000000093300000|  0%| F|  |TAMS 0x0000000093200000| PB 0x0000000093200000| Untracked |  0
| 235|0x0000000093300000, 0x0000000093300000, 0x0000000093400000|  0%| F|  |TAMS 0x0000000093300000| PB 0x0000000093300000| Untracked |  0
| 236|0x0000000093400000, 0x0000000093400000, 0x0000000093500000|  0%| F|  |TAMS 0x0000000093400000| PB 0x0000000093400000| Untracked |  0
| 237|0x0000000093500000, 0x0000000093500000, 0x0000000093600000|  0%| F|  |TAMS 0x0000000093500000| PB 0x0000000093500000| Untracked |  0
| 238|0x0000000093600000, 0x0000000093600000, 0x0000000093700000|  0%| F|  |TAMS 0x0000000093600000| PB 0x0000000093600000| Untracked |  0
| 239|0x0000000093700000, 0x0000000093700000, 0x0000000093800000|  0%| F|  |TAMS 0x0000000093700000| PB 0x0000000093700000| Untracked |  0
| 240|0x0000000093800000, 0x0000000093800000, 0x0000000093900000|  0%| F|  |TAMS 0x0000000093800000| PB 0x0000000093800000| Untracked |  0
| 241|0x0000000093900000, 0x0000000093900000, 0x0000000093a00000|  0%| F|  |TAMS 0x0000000093900000| PB 0x0000000093900000| Untracked |  0
| 242|0x0000000093a00000, 0x0000000093a00000, 0x0000000093b00000|  0%| F|  |TAMS 0x0000000093a00000| PB 0x0000000093a00000| Untracked |  0
| 243|0x0000000093b00000, 0x0000000093b00000, 0x0000000093c00000|  0%| F|  |TAMS 0x0000000093b00000| PB 0x0000000093b00000| Untracked |  0
| 244|0x0000000093c00000, 0x0000000093c00000, 0x0000000093d00000|  0%| F|  |TAMS 0x0000000093c00000| PB 0x0000000093c00000| Untracked |  0
| 245|0x0000000093d00000, 0x0000000093d00000, 0x0000000093e00000|  0%| F|  |TAMS 0x0000000093d00000| PB 0x0000000093d00000| Untracked |  0
| 246|0x0000000093e00000, 0x0000000093e00000, 0x0000000093f00000|  0%| F|  |TAMS 0x0000000093e00000| PB 0x0000000093e00000| Untracked |  0
| 247|0x0000000093f00000, 0x0000000093f00000, 0x0000000094000000|  0%| F|  |TAMS 0x0000000093f00000| PB 0x0000000093f00000| Untracked |  0
| 248|0x0000000094000000, 0x0000000094000000, 0x0000000094100000|  0%| F|  |TAMS 0x0000000094000000| PB 0x0000000094000000| Untracked |  0
| 249|0x0000000094100000, 0x0000000094100000, 0x0000000094200000|  0%| F|  |TAMS 0x0000000094100000| PB 0x0000000094100000| Untracked |  0
| 250|0x0000000094200000, 0x0000000094200000, 0x0000000094300000|  0%| F|  |TAMS 0x0000000094200000| PB 0x0000000094200000| Untracked |  0
| 251|0x0000000094300000, 0x0000000094300000, 0x0000000094400000|  0%| F|  |TAMS 0x0000000094300000| PB 0x0000000094300000| Untracked |  0
| 252|0x0000000094400000, 0x0000000094400000, 0x0000000094500000|  0%| F|  |TAMS 0x0000000094400000| PB 0x0000000094400000| Untracked |  0
| 253|0x0000000094500000, 0x0000000094500000, 0x0000000094600000|  0%| F|  |TAMS 0x0000000094500000| PB 0x0000000094500000| Untracked |  0
| 254|0x0000000094600000, 0x0000000094600000, 0x0000000094700000|  0%| F|  |TAMS 0x0000000094600000| PB 0x0000000094600000| Untracked |  0
| 255|0x0000000094700000, 0x0000000094700000, 0x0000000094800000|  0%| F|  |TAMS 0x0000000094700000| PB 0x0000000094700000| Untracked |  0
| 256|0x0000000094800000, 0x0000000094800000, 0x0000000094900000|  0%| F|  |TAMS 0x0000000094800000| PB 0x0000000094800000| Untracked |  0
| 257|0x0000000094900000, 0x0000000094900000, 0x0000000094a00000|  0%| F|  |TAMS 0x0000000094900000| PB 0x0000000094900000| Untracked |  0
| 258|0x0000000094a00000, 0x0000000094a00000, 0x0000000094b00000|  0%| F|  |TAMS 0x0000000094a00000| PB 0x0000000094a00000| Untracked |  0
| 259|0x0000000094b00000, 0x0000000094b00000, 0x0000000094c00000|  0%| F|  |TAMS 0x0000000094b00000| PB 0x0000000094b00000| Untracked |  0
| 260|0x0000000094c00000, 0x0000000094c00000, 0x0000000094d00000|  0%| F|  |TAMS 0x0000000094c00000| PB 0x0000000094c00000| Untracked |  0
| 261|0x0000000094d00000, 0x0000000094d00000, 0x0000000094e00000|  0%| F|  |TAMS 0x0000000094d00000| PB 0x0000000094d00000| Untracked |  0

Card table byte_map: [0x00000207f4890000,0x00000207f4c70000] _byte_map_base: 0x00000207f446c000

Marking Bits: (CMBitMap*) 0x00000207dd59df70
 Bits: [0x00000207f4c70000, 0x00000207f6b50000)

Polling page: 0x00000207db500000

Metaspace:

Usage:
  Non-class:     12.13 MB used.
      Class:      1.55 MB used.
       Both:     13.68 MB used.

Virtual space:
  Non-class space:       64.00 MB reserved,      12.25 MB ( 19%) committed,  1 nodes.
      Class space:        1.00 GB reserved,       1.69 MB ( <1%) committed,  1 nodes.
             Both:        1.06 GB reserved,      13.94 MB (  1%) committed. 

Chunk freelists:
   Non-Class:  3.31 MB
       Class:  14.36 MB
        Both:  17.67 MB

MaxMetaspaceSize: unlimited
CompressedClassSpaceSize: 1.00 GB
Initial GC threshold: 21.00 MB
Current GC threshold: 21.00 MB
CDS: on
 - commit_granule_bytes: 65536.
 - commit_granule_words: 8192.
 - virtual_space_node_default_size: 8388608.
 - enlarge_chunks_in_place: 1.
 - use_allocation_guard: 0.


Internal statistics:

num_allocs_failed_limit: 0.
num_arena_births: 140.
num_arena_deaths: 0.
num_vsnodes_births: 2.
num_vsnodes_deaths: 0.
num_space_committed: 222.
num_space_uncommitted: 0.
num_chunks_returned_to_freelist: 0.
num_chunks_taken_from_freelist: 426.
num_chunk_merges: 0.
num_chunk_splits: 284.
num_chunks_enlarged: 201.
num_inconsistent_stats: 0.

CodeHeap 'non-profiled nmethods': size=120064Kb used=1280Kb max_used=1280Kb free=118783Kb
 bounds [0x00000207ed350000, 0x00000207ed5c0000, 0x00000207f4890000]
CodeHeap 'profiled nmethods': size=120000Kb used=4406Kb max_used=4406Kb free=115594Kb
 bounds [0x00000207e5890000, 0x00000207e5ce0000, 0x00000207ecdc0000]
CodeHeap 'non-nmethods': size=5696Kb used=1493Kb max_used=1511Kb free=4202Kb
 bounds [0x00000207ecdc0000, 0x00000207ed030000, 0x00000207ed350000]
 total_blobs=2929 nmethods=2366 adapters=468
 compilation: enabled
              stopped_count=0, restarted_count=0
 full_count=0

Compilation events (20 events):
Event: 965.966 Thread 0x00000207f8f4e620 2358       4       java.util.concurrent.locks.ReentrantLock::unlock (10 bytes)
Event: 965.968 Thread 0x00000207f8f4e620 nmethod 2358 0x00000207ed48d190 code [0x00000207ed48d340, 0x00000207ed48d520]
Event: 1174.803 Thread 0x00000207f8f4e620 2359       4       java.lang.Thread::getAllStackTraces (79 bytes)
Event: 1174.837 Thread 0x00000207f8f4e620 nmethod 2359 0x00000207ed48d690 code [0x00000207ed48d900, 0x00000207ed48e490]
Event: 1280.471 Thread 0x00000207f8f55cd0 2360       3       java.lang.Iterable::forEach (39 bytes)
Event: 1280.471 Thread 0x00000207f8f55cd0 nmethod 2360 0x00000207e5cda690 code [0x00000207e5cda8a0, 0x00000207e5cdaed0]
Event: 1290.472 Thread 0x00000207f8f55cd0 2361       3       sun.net.httpserver.ServerImpl$IdleTimeoutTask::closeConnections (150 bytes)
Event: 1290.473 Thread 0x00000207f8f55cd0 nmethod 2361 0x00000207e5cdb090 code [0x00000207e5cdb3e0, 0x00000207e5cdcac0]
Event: 1290.474 Thread 0x00000207f8f55cd0 2362   !   3       java.util.Collections$SynchronizedCollection::forEach (28 bytes)
Event: 1290.474 Thread 0x00000207f8f55cd0 nmethod 2362 0x00000207e5cdd210 code [0x00000207e5cdd3c0, 0x00000207e5cdd698]
Event: 1368.265 Thread 0x00000207f8f4e620 2363   !   4       sun.nio.ch.SelectorImpl::processDeregisterQueue (145 bytes)
Event: 1368.269 Thread 0x00000207f8f4e620 nmethod 2363 0x00000207ed48eb90 code [0x00000207ed48ed40, 0x00000207ed48f108]
Event: 1381.014 Thread 0x00000207f8f4e620 2364       4       ch.qos.logback.classic.Logger::trace (16 bytes)
Event: 1381.016 Thread 0x00000207f8f4e620 nmethod 2364 0x00000207ed48f310 code [0x00000207ed48f4a0, 0x00000207ed48f5f0]
Event: 1738.816 Thread 0x00000207f8f4e620 2365       4       java.util.TaskQueue::rescheduleMin (16 bytes)
Event: 1738.817 Thread 0x00000207f8f4e620 nmethod 2365 0x00000207ed48f810 code [0x00000207ed48f9a0, 0x00000207ed48fab0]
Event: 1738.817 Thread 0x00000207f8f4e620 2366       4       java.util.TaskQueue::fixDown (108 bytes)
Event: 1738.817 Thread 0x00000207f8f4e620 nmethod 2366 0x00000207ed48fc10 code [0x00000207ed48fd80, 0x00000207ed48fe38]
Event: 1739.433 Thread 0x00000207f8f4e620 2367   !   4       java.lang.Object::wait (50 bytes)
Event: 1739.438 Thread 0x00000207f8f4e620 nmethod 2367 0x00000207ed48ff10 code [0x00000207ed4900c0, 0x00000207ed490210]

GC Heap History (20 events):
Event: 1.702 GC heap after
{Heap after GC invocations=2 (full 0):
 garbage-first heap   total reserved 2023424K, committed 126976K, used 6016K [0x0000000084800000, 0x0000000100000000)
  region size 1024K, 1 young (1024K), 1 survivors (1024K)
 Metaspace       used 4294K, committed 4480K, reserved 1114112K
  class space    used 517K, committed 640K, reserved 1048576K
}
Event: 3.376 GC heap before
{Heap before GC invocations=2 (full 0):
 garbage-first heap   total reserved 2023424K, committed 126976K, used 14208K [0x0000000084800000, 0x0000000100000000)
  region size 1024K, 10 young (10240K), 1 survivors (1024K)
 Metaspace       used 8628K, committed 8832K, reserved 1114112K
  class space    used 1021K, committed 1088K, reserved 1048576K
}
Event: 3.387 GC heap after
{Heap after GC invocations=3 (full 0):
 garbage-first heap   total reserved 2023424K, committed 126976K, used 7924K [0x0000000084800000, 0x0000000100000000)
  region size 1024K, 2 young (2048K), 2 survivors (2048K)
 Metaspace       used 8628K, committed 8832K, reserved 1114112K
  class space    used 1021K, committed 1088K, reserved 1048576K
}
Event: 5.633 GC heap before
{Heap before GC invocations=3 (full 0):
 garbage-first heap   total reserved 2023424K, committed 126976K, used 32500K [0x0000000084800000, 0x0000000100000000)
  region size 1024K, 27 young (27648K), 2 survivors (2048K)
 Metaspace       used 10129K, committed 10304K, reserved 1114112K
  class space    used 1146K, committed 1216K, reserved 1048576K
}
Event: 5.665 GC heap after
{Heap after GC invocations=4 (full 0):
 garbage-first heap   total reserved 2023424K, committed 126976K, used 14568K [0x0000000084800000, 0x0000000100000000)
  region size 1024K, 4 young (4096K), 4 survivors (4096K)
 Metaspace       used 10129K, committed 10304K, reserved 1114112K
  class space    used 1146K, committed 1216K, reserved 1048576K
}
Event: 5.706 GC heap before
{Heap before GC invocations=4 (full 0):
 garbage-first heap   total reserved 2023424K, committed 126976K, used 16616K [0x0000000084800000, 0x0000000100000000)
  region size 1024K, 6 young (6144K), 4 survivors (4096K)
 Metaspace       used 10130K, committed 10304K, reserved 1114112K
  class space    used 1146K, committed 1216K, reserved 1048576K
}
Event: 5.723 GC heap after
{Heap after GC invocations=5 (full 0):
 garbage-first heap   total reserved 2023424K, committed 126976K, used 16161K [0x0000000084800000, 0x0000000100000000)
  region size 1024K, 1 young (1024K), 1 survivors (1024K)
 Metaspace       used 10130K, committed 10304K, reserved 1114112K
  class space    used 1146K, committed 1216K, reserved 1048576K
}
Event: 5.917 GC heap before
{Heap before GC invocations=5 (full 0):
 garbage-first heap   total reserved 2023424K, committed 126976K, used 32545K [0x0000000084800000, 0x0000000100000000)
  region size 1024K, 16 young (16384K), 1 survivors (1024K)
 Metaspace       used 10257K, committed 10368K, reserved 1114112K
  class space    used 1157K, committed 1216K, reserved 1048576K
}
Event: 5.938 GC heap after
{Heap after GC invocations=6 (full 0):
 garbage-first heap   total reserved 2023424K, committed 126976K, used 21872K [0x0000000084800000, 0x0000000100000000)
  region size 1024K, 2 young (2048K), 2 survivors (2048K)
 Metaspace       used 10257K, committed 10368K, reserved 1114112K
  class space    used 1157K, committed 1216K, reserved 1048576K
}
Event: 6.103 GC heap before
{Heap before GC invocations=6 (full 0):
 garbage-first heap   total reserved 2023424K, committed 126976K, used 41328K [0x0000000084800000, 0x0000000100000000)
  region size 1024K, 19 young (19456K), 2 survivors (2048K)
 Metaspace       used 10258K, committed 10368K, reserved 1114112K
  class space    used 1157K, committed 1216K, reserved 1048576K
}
Event: 6.133 GC heap after
{Heap after GC invocations=7 (full 0):
 garbage-first heap   total reserved 2023424K, committed 126976K, used 29343K [0x0000000084800000, 0x0000000100000000)
  region size 1024K, 3 young (3072K), 3 survivors (3072K)
 Metaspace       used 10258K, committed 10368K, reserved 1114112K
  class space    used 1157K, committed 1216K, reserved 1048576K
}
Event: 6.390 GC heap before
{Heap before GC invocations=7 (full 0):
 garbage-first heap   total reserved 2023424K, committed 126976K, used 48799K [0x0000000084800000, 0x0000000100000000)
  region size 1024K, 22 young (22528K), 3 survivors (3072K)
 Metaspace       used 10260K, committed 10432K, reserved 1114112K
  class space    used 1157K, committed 1216K, reserved 1048576K
}
Event: 6.429 GC heap after
{Heap after GC invocations=8 (full 0):
 garbage-first heap   total reserved 2023424K, committed 268288K, used 35723K [0x0000000084800000, 0x0000000100000000)
  region size 1024K, 3 young (3072K), 3 survivors (3072K)
 Metaspace       used 10260K, committed 10432K, reserved 1114112K
  class space    used 1157K, committed 1216K, reserved 1048576K
}
Event: 6.649 GC heap before
{Heap before GC invocations=8 (full 0):
 garbage-first heap   total reserved 2023424K, committed 268288K, used 58251K [0x0000000084800000, 0x0000000100000000)
  region size 1024K, 25 young (25600K), 3 survivors (3072K)
 Metaspace       used 10262K, committed 10432K, reserved 1114112K
  class space    used 1157K, committed 1216K, reserved 1048576K
}
Event: 6.691 GC heap after
{Heap after GC invocations=9 (full 0):
 garbage-first heap   total reserved 2023424K, committed 268288K, used 42496K [0x0000000084800000, 0x0000000100000000)
  region size 1024K, 4 young (4096K), 4 survivors (4096K)
 Metaspace       used 10262K, committed 10432K, reserved 1114112K
  class space    used 1157K, committed 1216K, reserved 1048576K
}
Event: 7.125 GC heap before
{Heap before GC invocations=9 (full 0):
 garbage-first heap   total reserved 2023424K, committed 268288K, used 62976K [0x0000000084800000, 0x0000000100000000)
  region size 1024K, 21 young (21504K), 4 survivors (4096K)
 Metaspace       used 10276K, committed 10432K, reserved 1114112K
  class space    used 1157K, committed 1216K, reserved 1048576K
}
Event: 7.170 GC heap after
{Heap after GC invocations=10 (full 0):
 garbage-first heap   total reserved 2023424K, committed 268288K, used 50688K [0x0000000084800000, 0x0000000100000000)
  region size 1024K, 3 young (3072K), 3 survivors (3072K)
 Metaspace       used 10276K, committed 10432K, reserved 1114112K
  class space    used 1157K, committed 1216K, reserved 1048576K
}
Event: 8.087 GC heap before
{Heap before GC invocations=10 (full 0):
 garbage-first heap   total reserved 2023424K, committed 268288K, used 108032K [0x0000000084800000, 0x0000000100000000)
  region size 1024K, 60 young (61440K), 3 survivors (3072K)
 Metaspace       used 10714K, committed 10880K, reserved 1114112K
  class space    used 1219K, committed 1280K, reserved 1048576K
}
Event: 8.146 GC heap after
{Heap after GC invocations=11 (full 0):
 garbage-first heap   total reserved 2023424K, committed 268288K, used 61440K [0x0000000084800000, 0x0000000100000000)
  region size 1024K, 8 young (8192K), 8 survivors (8192K)
 Metaspace       used 10714K, committed 10880K, reserved 1114112K
  class space    used 1219K, committed 1280K, reserved 1048576K
}
Event: 1767.816 GC heap before
{Heap before GC invocations=11 (full 0):
 garbage-first heap   total reserved 2023424K, committed 268288K, used 123904K [0x0000000084800000, 0x0000000100000000)
  region size 1024K, 69 young (70656K), 8 survivors (8192K)
 Metaspace       used 14012K, committed 14272K, reserved 1114112K
  class space    used 1589K, committed 1728K, reserved 1048576K
}

Dll operation events (9 events):
Event: 0.028 Loaded shared library C:\Program Files\Java\jdk-22\bin\java.dll
Event: 0.098 Loaded shared library C:\Program Files\Java\jdk-22\bin\jsvml.dll
Event: 0.233 Loaded shared library C:\Program Files\Java\jdk-22\bin\net.dll
Event: 0.238 Loaded shared library C:\Program Files\Java\jdk-22\bin\nio.dll
Event: 0.247 Loaded shared library C:\Program Files\Java\jdk-22\bin\zip.dll
Event: 0.274 Loaded shared library C:\Program Files\Java\jdk-22\bin\jimage.dll
Event: 2.951 Loaded shared library C:\Program Files\Java\jdk-22\bin\verify.dll
Event: 8.488 Loaded shared library C:\Program Files\Java\jdk-22\bin\extnet.dll
Event: 8.921 Loaded shared library C:\Program Files\Java\jdk-22\bin\sunmscapi.dll

Deoptimization events (20 events):
Event: 9.234 Thread 0x00000207c522c190 Uncommon trap: trap_request=0xffffffde fr.pc=0x00000207ed442d6c relative=0x000000000000108c
Event: 9.234 Thread 0x00000207c522c190 Uncommon trap: reason=class_check action=maybe_recompile pc=0x00000207ed442d6c method=java.util.regex.Pattern$BnM.match(Ljava/util/regex/Matcher;ILjava/lang/CharSequence;)Z @ 111 c2
Event: 9.234 Thread 0x00000207c522c190 DEOPT PACKING pc=0x00000207ed442d6c sp=0x000000f10bcfdc60
Event: 9.234 Thread 0x00000207c522c190 DEOPT UNPACKING pc=0x00000207ece1469c sp=0x000000f10bcfdb90 mode 2
Event: 9.234 Thread 0x00000207c522c190 Uncommon trap: trap_request=0xffffffde fr.pc=0x00000207ed422fc8 relative=0x00000000000002c8
Event: 9.234 Thread 0x00000207c522c190 Uncommon trap: reason=class_check action=maybe_recompile pc=0x00000207ed422fc8 method=java.util.regex.Pattern$CharProperty.match(Ljava/util/regex/Matcher;ILjava/lang/CharSequence;)Z @ 52 c2
Event: 9.234 Thread 0x00000207c522c190 DEOPT PACKING pc=0x00000207ed422fc8 sp=0x000000f10bcfdb60
Event: 9.234 Thread 0x00000207c522c190 DEOPT UNPACKING pc=0x00000207ece1469c sp=0x000000f10bcfdb10 mode 2
Event: 9.234 Thread 0x00000207c522c190 Uncommon trap: trap_request=0xffffffde fr.pc=0x00000207ed445fd4 relative=0x00000000000006b4
Event: 9.234 Thread 0x00000207c522c190 Uncommon trap: reason=class_check action=maybe_recompile pc=0x00000207ed445fd4 method=java.util.regex.Pattern$BnM.match(Ljava/util/regex/Matcher;ILjava/lang/CharSequence;)Z @ 111 c2
Event: 9.234 Thread 0x00000207c522c190 DEOPT PACKING pc=0x00000207ed445fd4 sp=0x000000f10bcfdbf0
Event: 9.234 Thread 0x00000207c522c190 DEOPT UNPACKING pc=0x00000207ece1469c sp=0x000000f10bcfdb90 mode 2
Event: 9.278 Thread 0x00000207c522c190 Uncommon trap: trap_request=0xffffff45 fr.pc=0x00000207ed437c54 relative=0x0000000000000194
Event: 9.278 Thread 0x00000207c522c190 Uncommon trap: reason=unstable_if action=reinterpret pc=0x00000207ed437c54 method=java.lang.String.split(Ljava/lang/String;IZ)[Ljava/lang/String; @ 8 c2
Event: 9.278 Thread 0x00000207c522c190 DEOPT PACKING pc=0x00000207ed437c54 sp=0x000000f10bcfdf20
Event: 9.278 Thread 0x00000207c522c190 DEOPT UNPACKING pc=0x00000207ece1469c sp=0x000000f10bcfde40 mode 2
Event: 9.280 Thread 0x00000207c522c190 Uncommon trap: trap_request=0xffffff45 fr.pc=0x00000207ed4374f0 relative=0x00000000000001b0
Event: 9.280 Thread 0x00000207c522c190 Uncommon trap: reason=unstable_if action=reinterpret pc=0x00000207ed4374f0 method=java.lang.String.split(Ljava/lang/String;IZ)[Ljava/lang/String; @ 8 c2
Event: 9.280 Thread 0x00000207c522c190 DEOPT PACKING pc=0x00000207ed4374f0 sp=0x000000f10bcfdeb0
Event: 9.280 Thread 0x00000207c522c190 DEOPT UNPACKING pc=0x00000207ece1469c sp=0x000000f10bcfde48 mode 2

Classes loaded (20 events):
Event: 9.235 Loading class sun/util/locale/provider/CalendarDataUtility$CalendarFieldValueNameGetter
Event: 9.235 Loading class sun/util/locale/provider/CalendarDataUtility$CalendarFieldValueNameGetter done
Event: 9.274 Loading class sun/util/locale/provider/TimeZoneNameUtility
Event: 9.275 Loading class sun/util/locale/provider/TimeZoneNameUtility done
Event: 9.275 Loading class sun/util/locale/provider/TimeZoneNameUtility$TimeZoneNameGetter
Event: 9.275 Loading class sun/util/locale/provider/TimeZoneNameUtility$TimeZoneNameGetter done
Event: 9.276 Loading class sun/util/cldr/CLDRTimeZoneNameProviderImpl
Event: 9.277 Loading class sun/util/locale/provider/TimeZoneNameProviderImpl
Event: 9.278 Loading class sun/util/locale/provider/TimeZoneNameProviderImpl done
Event: 9.278 Loading class sun/util/cldr/CLDRTimeZoneNameProviderImpl done
Event: 9.280 Loading class sun/util/resources/cldr/TimeZoneNames
Event: 9.281 Loading class sun/util/resources/TimeZoneNamesBundle
Event: 9.281 Loading class sun/util/resources/TimeZoneNamesBundle done
Event: 9.281 Loading class sun/util/resources/cldr/TimeZoneNames done
Event: 9.282 Loading class sun/util/resources/cldr/TimeZoneNames_en
Event: 9.282 Loading class sun/util/resources/cldr/TimeZoneNames_en done
Event: 9.283 Loading class sun/util/resources/cldr/TimeZoneNames_en_US
Event: 9.283 Loading class sun/util/resources/cldr/TimeZoneNames_en_US done
Event: 9.285 Loading class sun/util/cldr/CLDRBaseLocaleDataMetaInfo$TZCanonicalIDMapHolder
Event: 9.327 Loading class sun/util/cldr/CLDRBaseLocaleDataMetaInfo$TZCanonicalIDMapHolder done

Classes unloaded (0 events):
No events

Classes redefined (0 events):
No events

Internal exceptions (20 events):
Event: 1.139 Thread 0x00000207db40fdc0 Exception <a 'java/lang/ClassNotFoundException'{0x000000008c3d98c0}: javax/smartcardio/CardPermission> (0x000000008c3d98c0) 
thrown [s\open\src\hotspot\share\classfile\systemDictionary.cpp, line 313]
Event: 1.151 Thread 0x00000207db40fdc0 Exception <a 'java/io/FileNotFoundException'{0x000000008c3e7860}> (0x000000008c3e7860) 
thrown [s\open\src\hotspot\share\prims\jni.cpp, line 520]
Event: 1.234 Thread 0x00000207db40fdc0 Exception <a 'java/lang/NoSuchMethodError'{0x000000008c27b9c0}: 'void java.lang.invoke.DirectMethodHandle$Holder.invokeStatic(java.lang.Object, java.lang.Object, java.lang.Object)'> (0x000000008c27b9c0) 
thrown [s\open\src\hotspot\share\interpreter\linkResolver.cpp, line 774]
Event: 1.270 Thread 0x00000207db40fdc0 Exception <a 'java/lang/NoSuchMethodError'{0x000000008c2a21a8}: 'java.lang.Object java.lang.invoke.DirectMethodHandle$Holder.invokeInterface(java.lang.Object, java.lang.Object)'> (0x000000008c2a21a8) 
thrown [s\open\src\hotspot\share\interpreter\linkResolver.cpp, line 774]
Event: 1.465 Thread 0x00000207db40fdc0 Exception <a 'java/lang/NoSuchMethodError'{0x000000008c1f52f8}: 'void java.lang.invoke.DirectMethodHandle$Holder.invokeSpecialIFC(java.lang.Object, java.lang.Object, java.lang.Object, java.lang.Object, java.lang.Object)'> (0x000000008c1f52f8) 
thrown [s\open\src\hotspot\share\interpreter\linkResolver.cpp, line 774]
Event: 1.473 Thread 0x00000207db40fdc0 Exception <a 'java/lang/NoSuchMethodError'{0x000000008c1fd508}: 'void java.lang.invoke.DirectMethodHandle$Holder.invokeStatic(java.lang.Object, java.lang.Object, java.lang.Object, java.lang.Object)'> (0x000000008c1fd508) 
thrown [s\open\src\hotspot\share\interpreter\linkResolver.cpp, line 774]
Event: 1.477 Thread 0x00000207db40fdc0 Exception <a 'java/lang/NoSuchMethodError'{0x000000008c006090}: 'int java.lang.invoke.DirectMethodHandle$Holder.invokeSpecial(java.lang.Object, java.lang.Object, java.lang.Object)'> (0x000000008c006090) 
thrown [s\open\src\hotspot\share\interpreter\linkResolver.cpp, line 774]
Event: 1.535 Thread 0x00000207db40fdc0 Exception <a 'java/lang/NoSuchMethodError'{0x000000008c0a82c0}: 'java.lang.Object java.lang.invoke.DirectMethodHandle$Holder.invokeStaticInit(java.lang.Object, java.lang.Object, java.lang.Object)'> (0x000000008c0a82c0) 
thrown [s\open\src\hotspot\share\interpreter\linkResolver.cpp, line 774]
Event: 2.351 Thread 0x00000207db40fdc0 Exception <a 'java/lang/NoSuchMethodError'{0x000000008bf01f90}: 'java.lang.Object java.lang.invoke.DirectMethodHandle$Holder.invokeStatic(java.lang.Object, int, java.lang.Object)'> (0x000000008bf01f90) 
thrown [s\open\src\hotspot\share\interpreter\linkResolver.cpp, line 774]
Event: 2.977 Thread 0x00000207db40fdc0 Exception <a 'java/lang/NoClassDefFoundError'{0x000000008bbd03f0}: org/apache/log4j/Priority> (0x000000008bbd03f0) 
thrown [s\open\src\hotspot\share\classfile\systemDictionary.cpp, line 302]
Event: 3.119 Thread 0x00000207db40fdc0 Exception <a 'java/lang/ClassNotFoundException'{0x000000008ba5df80}: com/sun/org/apache/xerces/internal/impl/xpath/regex/spi/messageProvider> (0x000000008ba5df80) 
thrown [s\open\src\hotspot\share\classfile\systemDictionary.cpp, line 313]
Event: 4.855 Thread 0x00000207db40fdc0 Exception <a 'java/lang/IncompatibleClassChangeError'{0x000000008bf32fb0}: Found class java.lang.Object, but interface was expected> (0x000000008bf32fb0) 
thrown [s\open\src\hotspot\share\interpreter\linkResolver.cpp, line 841]
Event: 8.692 Thread 0x00000207db40fdc0 Exception <a 'java/lang/NoSuchMethodError'{0x00000000929d9f98}: 'java.lang.Object java.lang.invoke.DirectMethodHandle$Holder.invokeStaticInit(java.lang.Object, int, int, int, int)'> (0x00000000929d9f98) 
thrown [s\open\src\hotspot\share\interpreter\linkResolver.cpp, line 774]
Event: 8.999 Thread 0x00000207db40fdc0 Exception <a 'java/lang/NoSuchMethodError'{0x00000000928f6108}: 'java.lang.Object java.lang.invoke.DirectMethodHandle$Holder.invokeStaticInit(java.lang.Object, java.lang.Object, int, int, int, int)'> (0x00000000928f6108) 
thrown [s\open\src\hotspot\share\interpreter\linkResolver.cpp, line 774]
Event: 9.070 Thread 0x00000207c522c190 Exception <a 'java/lang/NoSuchMethodError'{0x0000000092613978}: 'java.lang.Object java.lang.invoke.DirectMethodHandle$Holder.invokeSpecialIFC(java.lang.Object, java.lang.Object, java.lang.Object, java.lang.Object)'> (0x0000000092613978) 
thrown [s\open\src\hotspot\share\interpreter\linkResolver.cpp, line 774]
Event: 9.071 Thread 0x00000207c522c190 Exception <a 'java/lang/NoSuchMethodError'{0x0000000092619e80}: 'java.lang.Object java.lang.invoke.DirectMethodHandle$Holder.invokeVirtual(java.lang.Object, java.lang.Object, java.lang.Object, java.lang.Object)'> (0x0000000092619e80) 
thrown [s\open\src\hotspot\share\interpreter\linkResolver.cpp, line 774]
Event: 9.102 Thread 0x00000207c522c190 Exception <a 'java/lang/NoSuchMethodError'{0x00000000926ab540}: 'int java.lang.invoke.DirectMethodHandle$Holder.invokeStatic(java.lang.Object, java.lang.Object, java.lang.Object, java.lang.Object)'> (0x00000000926ab540) 
thrown [s\open\src\hotspot\share\interpreter\linkResolver.cpp, line 774]
Event: 9.102 Thread 0x00000207c522c190 Exception <a 'java/lang/NoSuchMethodError'{0x00000000926ae950}: 'java.lang.Object java.lang.invoke.Invokers$Holder.invokeExact_MT(java.lang.Object, java.lang.Object, java.lang.Object, java.lang.Object, java.lang.Object, java.lang.Object)'> (0x00000000926ae950) 
thrown [s\open\src\hotspot\share\interpreter\linkResolver.cpp, line 774]
Event: 9.183 Thread 0x00000207c522c190 Exception <a 'java/lang/NoSuchMethodError'{0x00000000924ed6e0}: 'java.lang.Object java.lang.invoke.DirectMethodHandle$Holder.newInvokeSpecial(java.lang.Object, java.lang.Object, java.lang.Object, java.lang.Object, java.lang.Object, java.lang.Object, java.lang.Object)'> (0x00000000924ed6e0) 
thrown [s\open\src\hotspot\share\interpreter\linkResolver.cpp, line 774]
Event: 9.185 Thread 0x00000207c522c190 Exception <a 'java/lang/NoSuchMethodError'{0x00000000924f6f68}: 'void java.lang.invoke.DirectMethodHandle$Holder.invokeSpecial(java.lang.Object, java.lang.Object, java.lang.Object)'> (0x00000000924f6f68) 
thrown [s\open\src\hotspot\share\interpreter\linkResolver.cpp, line 774]

ZGC Phase Switch (0 events):
No events

VM Operations (20 events):
Event: 1758.804 Executing VM operation: ThreadDump done
Event: 1759.803 Executing VM operation: ThreadDump
Event: 1759.804 Executing VM operation: ThreadDump done
Event: 1760.806 Executing VM operation: ThreadDump
Event: 1760.806 Executing VM operation: ThreadDump done
Event: 1761.804 Executing VM operation: ThreadDump
Event: 1761.805 Executing VM operation: ThreadDump done
Event: 1762.806 Executing VM operation: ThreadDump
Event: 1762.806 Executing VM operation: ThreadDump done
Event: 1763.813 Executing VM operation: ThreadDump
Event: 1763.813 Executing VM operation: ThreadDump done
Event: 1764.803 Executing VM operation: ThreadDump
Event: 1764.804 Executing VM operation: ThreadDump done
Event: 1765.804 Executing VM operation: ThreadDump
Event: 1765.804 Executing VM operation: ThreadDump done
Event: 1766.804 Executing VM operation: ThreadDump
Event: 1766.804 Executing VM operation: ThreadDump done
Event: 1767.815 Executing VM operation: ThreadDump
Event: 1767.816 Executing VM operation: ThreadDump done
Event: 1767.816 Executing VM operation: G1CollectForAllocation (G1 Evacuation Pause)

Events (20 events):
Event: 0.059 Thread 0x00000207db40fdc0 Thread added: 0x00000207db40fdc0
Event: 0.088 Thread 0x00000207f8f41e40 Thread added: 0x00000207f8f41e40
Event: 0.088 Thread 0x00000207f8f43d20 Thread added: 0x00000207f8f43d20
Event: 0.088 Thread 0x00000207f8f47950 Thread added: 0x00000207f8f47950
Event: 0.089 Thread 0x00000207f8f483c0 Thread added: 0x00000207f8f483c0
Event: 0.089 Thread 0x00000207f8f48e20 Thread added: 0x00000207f8f48e20
Event: 0.089 Thread 0x00000207f8f49880 Thread added: 0x00000207f8f49880
Event: 0.089 Thread 0x00000207f8f4e620 Thread added: 0x00000207f8f4e620
Event: 0.094 Thread 0x00000207f8f55cd0 Thread added: 0x00000207f8f55cd0
Event: 0.168 Thread 0x00000207c5222c70 Thread added: 0x00000207c5222c70
Event: 0.195 Thread 0x00000207c5227b10 Thread added: 0x00000207c5227b10
Event: 2.802 Thread 0x00000207c5fcdfd0 Thread added: 0x00000207c5fcdfd0
Event: 2.845 Thread 0x00000207c5fe31f0 Thread added: 0x00000207c5fe31f0
Event: 8.433 Thread 0x00000207c68411c0 Thread added: 0x00000207c68411c0
Event: 9.025 Thread 0x00000207c67d9920 Thread added: 0x00000207c67d9920
Event: 9.031 Thread 0x00000207c516f720 Thread added: 0x00000207c516f720
Event: 9.032 Thread 0x00000207db40fdc0 Thread exited: 0x00000207db40fdc0
Event: 9.032 Thread 0x00000207db40fdc0 Thread added: 0x00000207db40fdc0
Event: 9.050 Thread 0x00000207c522c190 Thread added: 0x00000207c522c190
Event: 9.365 Thread 0x00000207c6852d90 Thread added: 0x00000207c6852d90


Dynamic libraries:
0x00007ff65da10000 - 0x00007ff65da20000 	C:\Program Files\Java\jdk-22\bin\java.exe
0x00007ff916b10000 - 0x00007ff916d26000 	C:\windows\SYSTEM32\ntdll.dll
0x00007ff915900000 - 0x00007ff9159c4000 	C:\windows\System32\KERNEL32.DLL
0x00007ff913f20000 - 0x00007ff9142c7000 	C:\windows\System32\KERNELBASE.dll
0x00007ff9145b0000 - 0x00007ff9146c1000 	C:\windows\System32\ucrtbase.dll
0x00007ff8eb080000 - 0x00007ff8eb09b000 	C:\Program Files\Java\jdk-22\bin\VCRUNTIME140.dll
0x00007ff8ee760000 - 0x00007ff8ee777000 	C:\Program Files\Java\jdk-22\bin\jli.dll
0x00007ff914d30000 - 0x00007ff914de2000 	C:\windows\System32\ADVAPI32.dll
0x00007ff916260000 - 0x00007ff916307000 	C:\windows\System32\msvcrt.dll
0x00007ff915710000 - 0x00007ff9157b8000 	C:\windows\System32\sechost.dll
0x00007ff9144e0000 - 0x00007ff914508000 	C:\windows\System32\bcrypt.dll
0x00007ff914a50000 - 0x00007ff914b65000 	C:\windows\System32\RPCRT4.dll
0x00007ff914b70000 - 0x00007ff914d1e000 	C:\windows\System32\USER32.dll
0x00007ff913ef0000 - 0x00007ff913f16000 	C:\windows\System32\win32u.dll
0x00007ff916310000 - 0x00007ff916339000 	C:\windows\System32\GDI32.dll
0x00007ff9143c0000 - 0x00007ff9144d9000 	C:\windows\System32\gdi32full.dll
0x00007ff914510000 - 0x00007ff9145aa000 	C:\windows\System32\msvcp_win.dll
0x00007ff8fecd0000 - 0x00007ff8fef63000 	C:\windows\WinSxS\amd64_microsoft.windows.common-controls_6595b64144ccf1df_6.0.22621.3235_none_270f74e173860f98\COMCTL32.dll
0x00007ff8fdaa0000 - 0x00007ff8fdaaa000 	C:\windows\SYSTEM32\VERSION.dll
0x00007ff9159d0000 - 0x00007ff915a01000 	C:\windows\System32\IMM32.DLL
0x00007ff8f25d0000 - 0x00007ff8f25dc000 	C:\Program Files\Java\jdk-22\bin\vcruntime140_1.dll
0x00007ff8d0300000 - 0x00007ff8d038e000 	C:\Program Files\Java\jdk-22\bin\msvcp140.dll
0x00007ff8a92f0000 - 0x00007ff8aa037000 	C:\Program Files\Java\jdk-22\bin\server\jvm.dll
0x00007ff916080000 - 0x00007ff9160f1000 	C:\windows\System32\WS2_32.dll
0x00007ff913b50000 - 0x00007ff913b9d000 	C:\windows\SYSTEM32\POWRPROF.dll
0x00007ff8ff990000 - 0x00007ff8ff9c4000 	C:\windows\SYSTEM32\WINMM.dll
0x00007ff913b30000 - 0x00007ff913b43000 	C:\windows\SYSTEM32\UMPDC.dll
0x00007ff912e40000 - 0x00007ff912e58000 	C:\windows\SYSTEM32\kernel.appcore.dll
0x00007ff8f0330000 - 0x00007ff8f033a000 	C:\Program Files\Java\jdk-22\bin\jimage.dll
0x00007ff9116c0000 - 0x00007ff9118f3000 	C:\windows\SYSTEM32\DBGHELP.DLL
0x00007ff915a10000 - 0x00007ff915d98000 	C:\windows\System32\combase.dll
0x00007ff9157c0000 - 0x00007ff915897000 	C:\windows\System32\OLEAUT32.dll
0x00007ff8eea90000 - 0x00007ff8eeac2000 	C:\windows\SYSTEM32\dbgcore.DLL
0x00007ff9142d0000 - 0x00007ff914349000 	C:\windows\System32\bcryptPrimitives.dll
0x00007ff8eaed0000 - 0x00007ff8eaeee000 	C:\Program Files\Java\jdk-22\bin\java.dll
0x00007ff914df0000 - 0x00007ff91564c000 	C:\windows\System32\SHELL32.dll
0x00007ff916920000 - 0x00007ff916ac5000 	C:\windows\System32\ole32.dll
0x00007ff911d40000 - 0x00007ff912639000 	C:\windows\SYSTEM32\windows.storage.dll
0x00007ff911c00000 - 0x00007ff911d3e000 	C:\windows\SYSTEM32\wintypes.dll
0x00007ff916100000 - 0x00007ff9161f3000 	C:\windows\System32\SHCORE.dll
0x00007ff914840000 - 0x00007ff91489e000 	C:\windows\System32\shlwapi.dll
0x00007ff913d60000 - 0x00007ff913d81000 	C:\windows\SYSTEM32\profapi.dll
0x00007ff8cc7e0000 - 0x00007ff8cc8b7000 	C:\Program Files\Java\jdk-22\bin\jsvml.dll
0x00007ff8ef860000 - 0x00007ff8ef870000 	C:\Program Files\Java\jdk-22\bin\net.dll
0x00007ff9132b0000 - 0x00007ff913319000 	C:\windows\system32\mswsock.dll
0x00007ff8ea7d0000 - 0x00007ff8ea7e6000 	C:\Program Files\Java\jdk-22\bin\nio.dll
0x00007ff8e5a40000 - 0x00007ff8e5a57000 	C:\Program Files\Java\jdk-22\bin\zip.dll
0x00007ff8ef7c0000 - 0x00007ff8ef7d0000 	C:\Program Files\Java\jdk-22\bin\verify.dll
0x00007ff912960000 - 0x00007ff912a59000 	C:\windows\SYSTEM32\DNSAPI.dll
0x00007ff912930000 - 0x00007ff91295d000 	C:\windows\SYSTEM32\IPHLPAPI.DLL
0x00007ff914d20000 - 0x00007ff914d29000 	C:\windows\System32\NSI.dll
0x00007ff8f2c40000 - 0x00007ff8f2c4a000 	C:\Windows\System32\rasadhlp.dll
0x00007ff8fc7c0000 - 0x00007ff8fc843000 	C:\windows\System32\fwpuclnt.dll
0x00007ff8ee900000 - 0x00007ff8ee909000 	C:\Program Files\Java\jdk-22\bin\extnet.dll
0x00007ff8ed090000 - 0x00007ff8ed09e000 	C:\Program Files\Java\jdk-22\bin\sunmscapi.dll
0x00007ff9146d0000 - 0x00007ff914837000 	C:\windows\System32\CRYPT32.dll
0x00007ff913760000 - 0x00007ff91378e000 	C:\windows\SYSTEM32\ncrypt.dll
0x00007ff913720000 - 0x00007ff913757000 	C:\windows\SYSTEM32\NTASN1.dll
0x00007ff8eea80000 - 0x00007ff8eea88000 	C:\windows\system32\wshunix.dll
0x00007ff913540000 - 0x00007ff91355b000 	C:\windows\SYSTEM32\CRYPTSP.dll
0x00007ff912da0000 - 0x00007ff912dd5000 	C:\windows\system32\rsaenh.dll
0x00007ff9133c0000 - 0x00007ff9133e8000 	C:\windows\SYSTEM32\USERENV.dll
0x00007ff9138c0000 - 0x00007ff9138cc000 	C:\windows\SYSTEM32\CRYPTBASE.dll

dbghelp: loaded successfully - version: 4.0.5 - missing functions: none
symbol engine: initialized successfully - sym options: 0x614 - pdb path: .;C:\Program Files\Java\jdk-22\bin;C:\windows\SYSTEM32;C:\windows\WinSxS\amd64_microsoft.windows.common-controls_6595b64144ccf1df_6.0.22621.3235_none_270f74e173860f98;C:\Program Files\Java\jdk-22\bin\server

VM Arguments:
java_command: org.languagetool.server.HTTPServer -p 8089
java_class_path (initial): C:\Users\shrij\.cache\language_tool_python\LanguageTool-6.4\languagetool-server.jar
Launcher Type: SUN_STANDARD

[Global flags]
     intx CICompilerCount                          = 2                                         {product} {ergonomic}
     uint ConcGCThreads                            = 1                                         {product} {ergonomic}
     uint G1ConcRefinementThreads                  = 2                                         {product} {ergonomic}
   size_t G1HeapRegionSize                         = 1048576                                   {product} {ergonomic}
   size_t InitialHeapSize                          = 130023424                                 {product} {ergonomic}
   size_t MarkStackSize                            = 4194304                                   {product} {ergonomic}
   size_t MaxHeapSize                              = 2071986176                                {product} {ergonomic}
   size_t MaxNewSize                               = 1242562560                                {product} {ergonomic}
   size_t MinHeapDeltaBytes                        = 1048576                                   {product} {ergonomic}
   size_t MinHeapSize                              = 8388608                                   {product} {ergonomic}
    uintx NonNMethodCodeHeapSize                   = 5826188                                {pd product} {ergonomic}
    uintx NonProfiledCodeHeapSize                  = 122916026                              {pd product} {ergonomic}
    uintx ProfiledCodeHeapSize                     = 122916026                              {pd product} {ergonomic}
    uintx ReservedCodeCacheSize                    = 251658240                              {pd product} {ergonomic}
     bool SegmentedCodeCache                       = true                                      {product} {ergonomic}
   size_t SoftMaxHeapSize                          = 2071986176                             {manageable} {ergonomic}
     bool UseCompressedOops                        = true                           {product lp64_product} {ergonomic}
     bool UseG1GC                                  = true                                      {product} {ergonomic}
     bool UseLargePagesIndividualAllocation        = false                                  {pd product} {ergonomic}

Logging:
Log output configuration:
 #0: stdout all=warning uptime,level,tags foldmultilines=false
 #1: stderr all=off uptime,level,tags foldmultilines=false

Environment Variables:
JAVA_HOME=C:\Program Files\Java\jdk-22
PATH=C:\Users\shrij\tsc\myenv\Scripts;C:\Program Files\Common Files\Oracle\Java\javapath;C:\Users\shrij\AppData\Local\Programs\Python\Python312\Scripts\;C:\Users\shrij\AppData\Local\Programs\Python\Python312\;C:\Program Files\Python38\Scripts\;C:\Program Files\Python38\;C:\windows\system32;C:\windows;C:\windows\System32\Wbem;C:\windows\System32\WindowsPowerShell\v1.0\;C:\windows\System32\OpenSSH\;C:\Program Files\Git\cmd;C:\Program Files\Amazon\AWSCLIV2\;C:\Program Files\HP\HP One Agent;C:\Program Files\nodejs\;C:\ProgramData\chocolatey\bin;C:\Program Files\Java\jdk-22\bin;C:\Program Files\Common Files\Oracle\Java\javapath;C:\Program Files\MySQL\MySQL Shell 8.0\bin\;C:\Users\shrij\anaconda3;C:\Users\shrij\anaconda3\Library\mingw-w64\bin;C:\Users\shrij\anaconda3\Library\usr\bin;C:\Users\shrij\anaconda3\Library\bin;C:\Users\shrij\anaconda3\Scripts;C:\Users\shrij\AppData\Local\Microsoft\WindowsApps;C:\Program Files\JetBrains\PyCharm Edu 2022.2.2\bin;C:\Users\shrij\AppData\Local\Programs\Microsoft VS Code\bin;C:\Users\shrij\AppData\Roaming\npm
USERNAME=shrij
LANG=en_US.UTF-8
OS=Windows_NT
PROCESSOR_IDENTIFIER=Intel64 Family 6 Model 156 Stepping 0, GenuineIntel
TMP=C:\Users\shrij\AppData\Local\Temp
TEMP=C:\Users\shrij\AppData\Local\Temp




Periodic native trim disabled

---------------  S Y S T E M  ---------------

OS:
 Windows 11 , 64 bit Build 22621 (10.0.22621.3374)
OS uptime: 1 days 3:25 hours
Hyper-V role detected

CPU: total 2 (initial active 2) (2 cores per cpu, 1 threads per core) family 6 model 156 stepping 0 microcode 0x24000024, cx8, cmov, fxsr, mmx, 3dnowpref, sse, sse2, sse3, ssse3, sse4.1, sse4.2, popcnt, tsc, tscinvbit, aes, erms, clmul, sha, clflush, clflushopt, clwb, hv, rdtscp, rdpid
Processor Information for all 2 processors :
  Max Mhz: 1101, Current Mhz: 1101, Mhz Limit: 1101

Memory: 4k page, system-wide physical 7896M (962M free)
TotalPageFile size 18135M (AvailPageFile size 4M)
current process WorkingSet (physical memory assigned to process): 216M, peak: 224M
current process commit charge ("private bytes"): 625M, peak: 628M

vm_info: Java HotSpot(TM) 64-Bit Server VM (22.0.1+8-16) for windows-amd64 JRE (22.0.1+8-16), built on 2024-03-12T10:33:16Z by "mach5one" with MS VC++ 17.6 (VS2022)

END.
