#
# There is insufficient memory for the Java Runtime Environment to continue.
# Native memory allocation (mmap) failed to map 297795584 bytes. Error detail: G1 virtual space
# Possible reasons:
#   The system is out of physical RAM or swap space
#   This process is running with CompressedOops enabled, and the Java Heap may be blocking the growth of the native heap
# Possible solutions:
#   Reduce memory load on the system
#   Increase physical memory or swap space
#   Check if swap backing store is full
#   Decrease Java heap size (-Xmx/-Xms)
#   Decrease number of Java threads
#   Decrease Java thread stack sizes (-Xss)
#   Set larger code cache with -XX:ReservedCodeCacheSize=
#   JVM is running with Unscaled Compressed Oops mode in which the Java heap is
#     placed in the first 4GB address space. The Java Heap base address is the
#     maximum limit for the native heap growth. Please use -XX:HeapBaseMinAddress
#     to set the Java Heap base and to place the Java Heap above 4GB virtual address.
# This output file may be truncated or incomplete.
#
#  Out of Memory Error (os_windows.cpp:3631), pid=16588, tid=12920
#
# JRE version: Java(TM) SE Runtime Environment (22.0.1+8) (build 22.0.1+8-16)
# Java VM: Java HotSpot(TM) 64-Bit Server VM (22.0.1+8-16, mixed mode, sharing, tiered, compressed oops, compressed class ptrs, g1 gc, windows-amd64)
# No core dump will be written. Minidumps are not enabled by default on client versions of Windows
#

---------------  S U M M A R Y ------------

Command Line: org.languagetool.server.HTTPServer -p 8081

Host: Intel(R) Celeron(R) N4500 @ 1.10GHz, 2 cores, 7G,  Windows 11 , 64 bit Build 22621 (10.0.22621.3374)
Time: Tue Apr 30 13:13:44 2024 Eastern Daylight Time elapsed time: 4.112117 seconds (0d 0h 0m 4s)

---------------  T H R E A D  ---------------

Current thread (0x00000157c00b9cc0):  VMThread "VM Thread"          [id=12920, stack(0x0000000329100000,0x0000000329200000) (1024K)]

Stack: [0x0000000329100000,0x0000000329200000]
Native frames: (J=compiled Java code, j=interpreted, Vv=VM code, C=native code)
V  [jvm.dll+0x6e2279]  (no source info available)
V  [jvm.dll+0x874e33]  (no source info available)
V  [jvm.dll+0x87725e]  (no source info available)
V  [jvm.dll+0x877933]  (no source info available)
V  [jvm.dll+0x27fd76]  (no source info available)
V  [jvm.dll+0x6de915]  (no source info available)
V  [jvm.dll+0x6d341a]  (no source info available)
V  [jvm.dll+0x3589da]  (no source info available)
V  [jvm.dll+0x360f06]  (no source info available)
V  [jvm.dll+0x3b3e2e]  (no source info available)
V  [jvm.dll+0x3b40d8]  (no source info available)
V  [jvm.dll+0x32c59c]  (no source info available)
V  [jvm.dll+0x32c627]  (no source info available)
V  [jvm.dll+0x37229c]  (no source info available)
V  [jvm.dll+0x370996]  (no source info available)
V  [jvm.dll+0x32bc87]  (no source info available)
V  [jvm.dll+0x370154]  (no source info available)
V  [jvm.dll+0x87d7d0]  (no source info available)
V  [jvm.dll+0x87eb57]  (no source info available)
V  [jvm.dll+0x87f0d0]  (no source info available)
V  [jvm.dll+0x87f373]  (no source info available)
V  [jvm.dll+0x81d44b]  (no source info available)
V  [jvm.dll+0x6e0915]  (no source info available)
C  [ucrtbase.dll+0x29333]  (no source info available)
C  [KERNEL32.DLL+0x1257d]  (no source info available)
C  [ntdll.dll+0x5aa48]  (no source info available)

VM_Operation (0x0000000328afd320): G1CollectForAllocation, mode: safepoint, requested by thread 0x00000157a237f9b0


---------------  P R O C E S S  ---------------

Threads class SMR info:
_java_thread_list=0x00000158060ea480, length=13, elements={
0x00000157a237f9b0, 0x00000157c00d1960, 0x00000157c00d33d0, 0x00000157c00d83b0,
0x00000157c00d96e0, 0x00000157c00dc800, 0x00000157c00dd5c0, 0x00000157c00e58f0,
0x00000157c00fd6d0, 0x00000157c022fbe0, 0x00000157c0237c60, 0x00000158062a8900,
0x0000015806129b40
}

Java Threads: ( => current thread )
  0x00000157a237f9b0 JavaThread "main"                              [_thread_blocked, id=12084, stack(0x0000000328a00000,0x0000000328b00000) (1024K)]
  0x00000157c00d1960 JavaThread "Reference Handler"          daemon [_thread_blocked, id=17148, stack(0x0000000329200000,0x0000000329300000) (1024K)]
  0x00000157c00d33d0 JavaThread "Finalizer"                  daemon [_thread_blocked, id=21012, stack(0x0000000329300000,0x0000000329400000) (1024K)]
  0x00000157c00d83b0 JavaThread "Signal Dispatcher"          daemon [_thread_blocked, id=5292, stack(0x0000000329400000,0x0000000329500000) (1024K)]
  0x00000157c00d96e0 JavaThread "Attach Listener"            daemon [_thread_blocked, id=7436, stack(0x0000000329500000,0x0000000329600000) (1024K)]
  0x00000157c00dc800 JavaThread "Service Thread"             daemon [_thread_blocked, id=19904, stack(0x0000000329600000,0x0000000329700000) (1024K)]
  0x00000157c00dd5c0 JavaThread "Monitor Deflation Thread"   daemon [_thread_blocked, id=21772, stack(0x0000000329700000,0x0000000329800000) (1024K)]
  0x00000157c00e58f0 JavaThread "C2 CompilerThread0"         daemon [_thread_blocked, id=17324, stack(0x0000000329800000,0x0000000329900000) (1024K)]
  0x00000157c00fd6d0 JavaThread "C1 CompilerThread0"         daemon [_thread_blocked, id=4696, stack(0x0000000329900000,0x0000000329a00000) (1024K)]
  0x00000157c022fbe0 JavaThread "Notification Thread"        daemon [_thread_blocked, id=5172, stack(0x0000000329a00000,0x0000000329b00000) (1024K)]
  0x00000157c0237c60 JavaThread "Common-Cleaner"             daemon [_thread_blocked, id=21512, stack(0x0000000329b00000,0x0000000329c00000) (1024K)]
  0x00000158062a8900 JavaThread "LtThreadPoolMonitor"        daemon [_thread_blocked, id=18612, stack(0x0000000329d00000,0x0000000329e00000) (1024K)]
  0x0000015806129b40 JavaThread "LtThreadPoolExecutorMonitor" daemon [_thread_blocked, id=10316, stack(0x0000000329e00000,0x0000000329f00000) (1024K)]
Total: 13

Other Threads:
=>0x00000157c00b9cc0 VMThread "VM Thread"                           [id=12920, stack(0x0000000329100000,0x0000000329200000) (1024K)]
  0x00000157c00a2620 WatcherThread "VM Periodic Task Thread"        [id=6588, stack(0x0000000329000000,0x0000000329100000) (1024K)]
  0x00000157a45bfdb0 WorkerThread "GC Thread#0"                     [id=20132, stack(0x0000000328b00000,0x0000000328c00000) (1024K)]
  0x00000157c044e690 WorkerThread "GC Thread#1"                     [id=4672, stack(0x0000000329c00000,0x0000000329d00000) (1024K)]
  0x00000157a45d0550 ConcurrentGCThread "G1 Main Marker"            [id=12480, stack(0x0000000328c00000,0x0000000328d00000) (1024K)]
  0x00000157a45d1700 WorkerThread "G1 Conc#0"                       [id=5064, stack(0x0000000328d00000,0x0000000328e00000) (1024K)]
  0x00000157a462eab0 ConcurrentGCThread "G1 Refine#0"               [id=20640, stack(0x0000000328e00000,0x0000000328f00000) (1024K)]
  0x00000157bff73710 ConcurrentGCThread "G1 Service"                [id=11748, stack(0x0000000328f00000,0x0000000329000000) (1024K)]
Total: 8

Threads with active compile tasks:
C2 CompilerThread0  4257 1860       4       com.optimaize.langdetect.profiles.LanguageProfileBuilder::addGram (97 bytes)
Total: 1

VM state: at safepoint (normal execution)

VM Mutex/Monitor currently owned by a thread:  ([mutex/lock_event])
[0x00007ff8a9f5bbb8] Threads_lock - owner thread: 0x00000157c00b9cc0
[0x00007ff8a9f5bcb8] Heap_lock - owner thread: 0x00000157a237f9b0

Heap address: 0x0000000084800000, size: 1976 MB, Compressed Oops mode: 32-bit

CDS archive(s) mapped at: [0x00000157c1000000-0x00000157c1c60000-0x00000157c1c60000), size 12976128, SharedBaseAddress: 0x00000157c1000000, ArchiveRelocationMode: 1.
Compressed class space mapped at: 0x00000157c2000000-0x0000015802000000, reserved size: 1073741824
Narrow klass base: 0x00000157c1000000, Narrow klass shift: 0, Narrow klass range: 0x41000000

GC Precious Log:
 CardTable entry size: 512
 Card Set container configuration: InlinePtr #cards 5 size 8 Array Of Cards #cards 12 size 40 Howl #buckets 4 coarsen threshold 1843 Howl Bitmap #cards 512 size 80 coarsen threshold 460 Card regions per heap region 1 cards per card region 2048
 CPUs: 2 total, 2 available
 Memory: 7896M
 Large Page Support: Disabled
 NUMA Support: Disabled
 Compressed Oops: Enabled (32-bit)
 Heap Region Size: 1M
 Heap Min Capacity: 8M
 Heap Initial Capacity: 124M
 Heap Max Capacity: 1976M
 Pre-touch: Disabled
 Parallel Workers: 2
 Concurrent Workers: 1
 Concurrent Refinement Workers: 2
 Periodic GC: Disabled

Heap:
 garbage-first heap   total reserved 2023424K, committed 199680K, used 63488K [0x0000000084800000, 0x0000000100000000)
  region size 1024K, 9 young (9216K), 9 survivors (9216K)
 Metaspace       used 10686K, committed 10816K, reserved 1114112K
  class space    used 1219K, committed 1280K, reserved 1048576K

Heap Regions: E=young(eden), S=young(survivor), O=old, HS=humongous(starts), HC=humongous(continues), CS=collection set, F=free, TAMS=top-at-mark-start, PB=parsable bottom
|   0|0x0000000084800000, 0x0000000084900000, 0x0000000084900000|100%| O|  |TAMS 0x0000000084800000| PB 0x0000000084800000| Untracked |  0
|   1|0x0000000084900000, 0x0000000084a00000, 0x0000000084a00000|100%| O|  |TAMS 0x0000000084900000| PB 0x0000000084900000| Untracked |  0
|   2|0x0000000084a00000, 0x0000000084b00000, 0x0000000084b00000|100%| O|  |TAMS 0x0000000084a00000| PB 0x0000000084a00000| Untracked |  0
|   3|0x0000000084b00000, 0x0000000084c00000, 0x0000000084c00000|100%| O|  |TAMS 0x0000000084b00000| PB 0x0000000084b00000| Untracked |  0
|   4|0x0000000084c00000, 0x0000000084d00000, 0x0000000084d00000|100%| O|  |TAMS 0x0000000084c00000| PB 0x0000000084c00000| Untracked |  0
|   5|0x0000000084d00000, 0x0000000084e00000, 0x0000000084e00000|100%| O|  |TAMS 0x0000000084d00000| PB 0x0000000084d00000| Untracked |  0
|   6|0x0000000084e00000, 0x0000000084f00000, 0x0000000084f00000|100%| O|  |TAMS 0x0000000084e00000| PB 0x0000000084e00000| Untracked |  0
|   7|0x0000000084f00000, 0x0000000085000000, 0x0000000085000000|100%| O|  |TAMS 0x0000000084f00000| PB 0x0000000084f00000| Untracked |  0
|   8|0x0000000085000000, 0x0000000085100000, 0x0000000085100000|100%| O|  |TAMS 0x0000000085000000| PB 0x0000000085000000| Untracked |  0
|   9|0x0000000085100000, 0x0000000085200000, 0x0000000085200000|100%| O|  |TAMS 0x0000000085100000| PB 0x0000000085100000| Untracked |  0
|  10|0x0000000085200000, 0x0000000085300000, 0x0000000085300000|100%| O|  |TAMS 0x0000000085200000| PB 0x0000000085200000| Untracked |  0
|  11|0x0000000085300000, 0x0000000085400000, 0x0000000085400000|100%| O|  |TAMS 0x0000000085300000| PB 0x0000000085300000| Untracked |  0
|  12|0x0000000085400000, 0x0000000085500000, 0x0000000085500000|100%| O|  |TAMS 0x0000000085400000| PB 0x0000000085400000| Untracked |  0
|  13|0x0000000085500000, 0x0000000085600000, 0x0000000085600000|100%| O|  |TAMS 0x0000000085500000| PB 0x0000000085500000| Untracked |  0
|  14|0x0000000085600000, 0x0000000085700000, 0x0000000085700000|100%| O|  |TAMS 0x0000000085600000| PB 0x0000000085600000| Untracked |  0
|  15|0x0000000085700000, 0x0000000085800000, 0x0000000085800000|100%| O|  |TAMS 0x0000000085700000| PB 0x0000000085700000| Untracked |  0
|  16|0x0000000085800000, 0x0000000085900000, 0x0000000085900000|100%|HS|  |TAMS 0x0000000085800000| PB 0x0000000085800000| Complete |  0
|  17|0x0000000085900000, 0x0000000085a00000, 0x0000000085a00000|100%| O|  |TAMS 0x0000000085900000| PB 0x0000000085900000| Untracked |  0
|  18|0x0000000085a00000, 0x0000000085b00000, 0x0000000085b00000|100%| O|  |TAMS 0x0000000085a00000| PB 0x0000000085a00000| Untracked |  0
|  19|0x0000000085b00000, 0x0000000085c00000, 0x0000000085c00000|100%| O|  |TAMS 0x0000000085b00000| PB 0x0000000085b00000| Untracked |  0
|  20|0x0000000085c00000, 0x0000000085d00000, 0x0000000085d00000|100%| O|  |TAMS 0x0000000085c00000| PB 0x0000000085c00000| Untracked |  0
|  21|0x0000000085d00000, 0x0000000085e00000, 0x0000000085e00000|100%|HS|  |TAMS 0x0000000085d00000| PB 0x0000000085d00000| Complete |  0
|  22|0x0000000085e00000, 0x0000000085f00000, 0x0000000085f00000|100%|HC|  |TAMS 0x0000000085e00000| PB 0x0000000085e00000| Complete |  0
|  23|0x0000000085f00000, 0x0000000086000000, 0x0000000086000000|100%| O|  |TAMS 0x0000000085f00000| PB 0x0000000085f00000| Untracked |  0
|  24|0x0000000086000000, 0x0000000086100000, 0x0000000086100000|100%| O|  |TAMS 0x0000000086000000| PB 0x0000000086000000| Untracked |  0
|  25|0x0000000086100000, 0x0000000086200000, 0x0000000086200000|100%| O|  |TAMS 0x0000000086100000| PB 0x0000000086100000| Untracked |  0
|  26|0x0000000086200000, 0x0000000086300000, 0x0000000086300000|100%| O|  |TAMS 0x0000000086200000| PB 0x0000000086200000| Untracked |  0
|  27|0x0000000086300000, 0x0000000086400000, 0x0000000086400000|100%| O|  |TAMS 0x0000000086300000| PB 0x0000000086300000| Untracked |  0
|  28|0x0000000086400000, 0x0000000086500000, 0x0000000086500000|100%| O|  |TAMS 0x0000000086400000| PB 0x0000000086400000| Untracked |  0
|  29|0x0000000086500000, 0x0000000086600000, 0x0000000086600000|100%| O|  |TAMS 0x0000000086500000| PB 0x0000000086500000| Untracked |  0
|  30|0x0000000086600000, 0x0000000086700000, 0x0000000086700000|100%| O|  |TAMS 0x0000000086600000| PB 0x0000000086600000| Untracked |  0
|  31|0x0000000086700000, 0x0000000086800000, 0x0000000086800000|100%| O|  |TAMS 0x0000000086700000| PB 0x0000000086700000| Untracked |  0
|  32|0x0000000086800000, 0x0000000086900000, 0x0000000086900000|100%| O|  |TAMS 0x0000000086800000| PB 0x0000000086800000| Untracked |  0
|  33|0x0000000086900000, 0x0000000086a00000, 0x0000000086a00000|100%| O|  |TAMS 0x0000000086900000| PB 0x0000000086900000| Untracked |  0
|  34|0x0000000086a00000, 0x0000000086b00000, 0x0000000086b00000|100%| O|  |TAMS 0x0000000086a00000| PB 0x0000000086a00000| Untracked |  0
|  35|0x0000000086b00000, 0x0000000086c00000, 0x0000000086c00000|100%| O|  |TAMS 0x0000000086b00000| PB 0x0000000086b00000| Untracked |  0
|  36|0x0000000086c00000, 0x0000000086d00000, 0x0000000086d00000|100%| O|  |TAMS 0x0000000086c00000| PB 0x0000000086c00000| Untracked |  0
|  37|0x0000000086d00000, 0x0000000086e00000, 0x0000000086e00000|100%| O|  |TAMS 0x0000000086d00000| PB 0x0000000086d00000| Untracked |  0
|  38|0x0000000086e00000, 0x0000000086f00000, 0x0000000086f00000|100%| O|  |TAMS 0x0000000086e00000| PB 0x0000000086e00000| Untracked |  0
|  39|0x0000000086f00000, 0x0000000087000000, 0x0000000087000000|100%| O|  |TAMS 0x0000000086f00000| PB 0x0000000086f00000| Untracked |  0
|  40|0x0000000087000000, 0x0000000087100000, 0x0000000087100000|100%|HS|  |TAMS 0x0000000087000000| PB 0x0000000087000000| Complete |  0
|  41|0x0000000087100000, 0x0000000087200000, 0x0000000087200000|100%|HC|  |TAMS 0x0000000087100000| PB 0x0000000087100000| Complete |  0
|  42|0x0000000087200000, 0x0000000087300000, 0x0000000087300000|100%|HC|  |TAMS 0x0000000087200000| PB 0x0000000087200000| Complete |  0
|  43|0x0000000087300000, 0x0000000087400000, 0x0000000087400000|100%| O|  |TAMS 0x0000000087300000| PB 0x0000000087300000| Untracked |  0
|  44|0x0000000087400000, 0x0000000087500000, 0x0000000087500000|100%| O|  |TAMS 0x0000000087400000| PB 0x0000000087400000| Untracked |  0
|  45|0x0000000087500000, 0x0000000087600000, 0x0000000087600000|100%| O|  |TAMS 0x0000000087500000| PB 0x0000000087500000| Untracked |  0
|  46|0x0000000087600000, 0x0000000087700000, 0x0000000087700000|100%| O|  |TAMS 0x0000000087600000| PB 0x0000000087600000| Untracked |  0
|  47|0x0000000087700000, 0x0000000087800000, 0x0000000087800000|100%| O|  |TAMS 0x0000000087700000| PB 0x0000000087700000| Untracked |  0
|  48|0x0000000087800000, 0x0000000087900000, 0x0000000087900000|100%| O|  |TAMS 0x0000000087800000| PB 0x0000000087800000| Untracked |  0
|  49|0x0000000087900000, 0x0000000087a00000, 0x0000000087a00000|100%| O|  |TAMS 0x0000000087900000| PB 0x0000000087900000| Untracked |  0
|  50|0x0000000087a00000, 0x0000000087b00000, 0x0000000087b00000|100%| O|  |TAMS 0x0000000087a00000| PB 0x0000000087a00000| Untracked |  0
|  51|0x0000000087b00000, 0x0000000087c00000, 0x0000000087c00000|100%| O|  |TAMS 0x0000000087b00000| PB 0x0000000087b00000| Untracked |  0
|  52|0x0000000087c00000, 0x0000000087d00000, 0x0000000087d00000|100%| O|  |TAMS 0x0000000087c00000| PB 0x0000000087c00000| Untracked |  0
|  53|0x0000000087d00000, 0x0000000087d00000, 0x0000000087e00000|  0%| F|  |TAMS 0x0000000087d00000| PB 0x0000000087d00000| Untracked |  0
|  54|0x0000000087e00000, 0x0000000087e00000, 0x0000000087f00000|  0%| F|  |TAMS 0x0000000087e00000| PB 0x0000000087e00000| Untracked |  0
|  55|0x0000000087f00000, 0x0000000087f00000, 0x0000000088000000|  0%| F|  |TAMS 0x0000000087f00000| PB 0x0000000087f00000| Untracked |  0
|  56|0x0000000088000000, 0x0000000088000000, 0x0000000088100000|  0%| F|  |TAMS 0x0000000088000000| PB 0x0000000088000000| Untracked |  0
|  57|0x0000000088100000, 0x0000000088100000, 0x0000000088200000|  0%| F|  |TAMS 0x0000000088100000| PB 0x0000000088100000| Untracked |  0
|  58|0x0000000088200000, 0x0000000088200000, 0x0000000088300000|  0%| F|  |TAMS 0x0000000088200000| PB 0x0000000088200000| Untracked |  0
|  59|0x0000000088300000, 0x0000000088300000, 0x0000000088400000|  0%| F|  |TAMS 0x0000000088300000| PB 0x0000000088300000| Untracked |  0
|  60|0x0000000088400000, 0x0000000088400000, 0x0000000088500000|  0%| F|  |TAMS 0x0000000088400000| PB 0x0000000088400000| Untracked |  0
|  61|0x0000000088500000, 0x0000000088500000, 0x0000000088600000|  0%| F|  |TAMS 0x0000000088500000| PB 0x0000000088500000| Untracked |  0
|  62|0x0000000088600000, 0x0000000088600000, 0x0000000088700000|  0%| F|  |TAMS 0x0000000088600000| PB 0x0000000088600000| Untracked |  0
|  63|0x0000000088700000, 0x0000000088700000, 0x0000000088800000|  0%| F|  |TAMS 0x0000000088700000| PB 0x0000000088700000| Untracked |  0
|  64|0x0000000088800000, 0x0000000088800000, 0x0000000088900000|  0%| F|  |TAMS 0x0000000088800000| PB 0x0000000088800000| Untracked |  0
|  65|0x0000000088900000, 0x0000000088900000, 0x0000000088a00000|  0%| F|  |TAMS 0x0000000088900000| PB 0x0000000088900000| Untracked |  0
|  66|0x0000000088a00000, 0x0000000088a00000, 0x0000000088b00000|  0%| F|  |TAMS 0x0000000088a00000| PB 0x0000000088a00000| Untracked |  0
|  67|0x0000000088b00000, 0x0000000088b00000, 0x0000000088c00000|  0%| F|  |TAMS 0x0000000088b00000| PB 0x0000000088b00000| Untracked |  0
|  68|0x0000000088c00000, 0x0000000088c00000, 0x0000000088d00000|  0%| F|  |TAMS 0x0000000088c00000| PB 0x0000000088c00000| Untracked |  0
|  69|0x0000000088d00000, 0x0000000088d00000, 0x0000000088e00000|  0%| F|  |TAMS 0x0000000088d00000| PB 0x0000000088d00000| Untracked |  0
|  70|0x0000000088e00000, 0x0000000088e00000, 0x0000000088f00000|  0%| F|  |TAMS 0x0000000088e00000| PB 0x0000000088e00000| Untracked |  0
|  71|0x0000000088f00000, 0x0000000088f00000, 0x0000000089000000|  0%| F|  |TAMS 0x0000000088f00000| PB 0x0000000088f00000| Untracked |  0
|  72|0x0000000089000000, 0x0000000089000000, 0x0000000089100000|  0%| F|  |TAMS 0x0000000089000000| PB 0x0000000089000000| Untracked |  0
|  73|0x0000000089100000, 0x0000000089100000, 0x0000000089200000|  0%| F|  |TAMS 0x0000000089100000| PB 0x0000000089100000| Untracked |  0
|  74|0x0000000089200000, 0x0000000089200000, 0x0000000089300000|  0%| F|  |TAMS 0x0000000089200000| PB 0x0000000089200000| Untracked |  0
|  75|0x0000000089300000, 0x0000000089300000, 0x0000000089400000|  0%| F|  |TAMS 0x0000000089300000| PB 0x0000000089300000| Untracked |  0
|  76|0x0000000089400000, 0x0000000089400000, 0x0000000089500000|  0%| F|  |TAMS 0x0000000089400000| PB 0x0000000089400000| Untracked |  0
|  77|0x0000000089500000, 0x0000000089500000, 0x0000000089600000|  0%| F|  |TAMS 0x0000000089500000| PB 0x0000000089500000| Untracked |  0
|  78|0x0000000089600000, 0x0000000089600000, 0x0000000089700000|  0%| F|  |TAMS 0x0000000089600000| PB 0x0000000089600000| Untracked |  0
|  79|0x0000000089700000, 0x0000000089700000, 0x0000000089800000|  0%| F|  |TAMS 0x0000000089700000| PB 0x0000000089700000| Untracked |  0
|  80|0x0000000089800000, 0x0000000089800000, 0x0000000089900000|  0%| F|  |TAMS 0x0000000089800000| PB 0x0000000089800000| Untracked |  0
|  81|0x0000000089900000, 0x0000000089900000, 0x0000000089a00000|  0%| F|  |TAMS 0x0000000089900000| PB 0x0000000089900000| Untracked |  0
|  82|0x0000000089a00000, 0x0000000089a00000, 0x0000000089b00000|  0%| F|  |TAMS 0x0000000089a00000| PB 0x0000000089a00000| Untracked |  0
|  83|0x0000000089b00000, 0x0000000089b00000, 0x0000000089c00000|  0%| F|  |TAMS 0x0000000089b00000| PB 0x0000000089b00000| Untracked |  0
|  84|0x0000000089c00000, 0x0000000089c00000, 0x0000000089d00000|  0%| F|  |TAMS 0x0000000089c00000| PB 0x0000000089c00000| Untracked |  0
|  85|0x0000000089d00000, 0x0000000089d00000, 0x0000000089e00000|  0%| F|  |TAMS 0x0000000089d00000| PB 0x0000000089d00000| Untracked |  0
|  86|0x0000000089e00000, 0x0000000089e00000, 0x0000000089f00000|  0%| F|  |TAMS 0x0000000089e00000| PB 0x0000000089e00000| Untracked |  0
|  87|0x0000000089f00000, 0x0000000089f00000, 0x000000008a000000|  0%| F|  |TAMS 0x0000000089f00000| PB 0x0000000089f00000| Untracked |  0
|  88|0x000000008a000000, 0x000000008a000000, 0x000000008a100000|  0%| F|  |TAMS 0x000000008a000000| PB 0x000000008a000000| Untracked |  0
|  89|0x000000008a100000, 0x000000008a100000, 0x000000008a200000|  0%| F|  |TAMS 0x000000008a100000| PB 0x000000008a100000| Untracked |  0
|  90|0x000000008a200000, 0x000000008a200000, 0x000000008a300000|  0%| F|  |TAMS 0x000000008a200000| PB 0x000000008a200000| Untracked |  0
|  91|0x000000008a300000, 0x000000008a300000, 0x000000008a400000|  0%| F|  |TAMS 0x000000008a300000| PB 0x000000008a300000| Untracked |  0
|  92|0x000000008a400000, 0x000000008a400000, 0x000000008a500000|  0%| F|  |TAMS 0x000000008a400000| PB 0x000000008a400000| Untracked |  0
|  93|0x000000008a500000, 0x000000008a500000, 0x000000008a600000|  0%| F|  |TAMS 0x000000008a500000| PB 0x000000008a500000| Untracked |  0
|  94|0x000000008a600000, 0x000000008a600000, 0x000000008a700000|  0%| F|  |TAMS 0x000000008a600000| PB 0x000000008a600000| Untracked |  0
|  95|0x000000008a700000, 0x000000008a700000, 0x000000008a800000|  0%| F|  |TAMS 0x000000008a700000| PB 0x000000008a700000| Untracked |  0
|  96|0x000000008a800000, 0x000000008a800000, 0x000000008a900000|  0%| F|  |TAMS 0x000000008a800000| PB 0x000000008a800000| Untracked |  0
|  97|0x000000008a900000, 0x000000008a900000, 0x000000008aa00000|  0%| F|  |TAMS 0x000000008a900000| PB 0x000000008a900000| Untracked |  0
|  98|0x000000008aa00000, 0x000000008aa00000, 0x000000008ab00000|  0%| F|  |TAMS 0x000000008aa00000| PB 0x000000008aa00000| Untracked |  0
|  99|0x000000008ab00000, 0x000000008ab00000, 0x000000008ac00000|  0%| F|  |TAMS 0x000000008ab00000| PB 0x000000008ab00000| Untracked |  0
| 100|0x000000008ac00000, 0x000000008ac00000, 0x000000008ad00000|  0%| F|  |TAMS 0x000000008ac00000| PB 0x000000008ac00000| Untracked |  0
| 101|0x000000008ad00000, 0x000000008ad00000, 0x000000008ae00000|  0%| F|  |TAMS 0x000000008ad00000| PB 0x000000008ad00000| Untracked |  0
| 102|0x000000008ae00000, 0x000000008ae00000, 0x000000008af00000|  0%| F|  |TAMS 0x000000008ae00000| PB 0x000000008ae00000| Untracked |  0
| 103|0x000000008af00000, 0x000000008af00000, 0x000000008b000000|  0%| F|  |TAMS 0x000000008af00000| PB 0x000000008af00000| Untracked |  0
| 104|0x000000008b000000, 0x000000008b000000, 0x000000008b100000|  0%| F|  |TAMS 0x000000008b000000| PB 0x000000008b000000| Untracked |  0
| 105|0x000000008b100000, 0x000000008b100000, 0x000000008b200000|  0%| F|  |TAMS 0x000000008b100000| PB 0x000000008b100000| Untracked |  0
| 106|0x000000008b200000, 0x000000008b200000, 0x000000008b300000|  0%| F|  |TAMS 0x000000008b200000| PB 0x000000008b200000| Untracked |  0
| 107|0x000000008b300000, 0x000000008b300000, 0x000000008b400000|  0%| F|  |TAMS 0x000000008b300000| PB 0x000000008b300000| Untracked |  0
| 108|0x000000008b400000, 0x000000008b400000, 0x000000008b500000|  0%| F|  |TAMS 0x000000008b400000| PB 0x000000008b400000| Untracked |  0
| 109|0x000000008b500000, 0x000000008b500000, 0x000000008b600000|  0%| F|  |TAMS 0x000000008b500000| PB 0x000000008b500000| Untracked |  0
| 110|0x000000008b600000, 0x000000008b600000, 0x000000008b700000|  0%| F|  |TAMS 0x000000008b600000| PB 0x000000008b600000| Untracked |  0
| 111|0x000000008b700000, 0x000000008b700000, 0x000000008b800000|  0%| F|  |TAMS 0x000000008b700000| PB 0x000000008b700000| Untracked |  0
| 112|0x000000008b800000, 0x000000008b800000, 0x000000008b900000|  0%| F|  |TAMS 0x000000008b800000| PB 0x000000008b800000| Untracked |  0
| 113|0x000000008b900000, 0x000000008b900000, 0x000000008ba00000|  0%| F|  |TAMS 0x000000008b900000| PB 0x000000008b900000| Untracked |  0
| 114|0x000000008ba00000, 0x000000008ba00000, 0x000000008bb00000|  0%| F|  |TAMS 0x000000008ba00000| PB 0x000000008ba00000| Untracked |  0
| 115|0x000000008bb00000, 0x000000008bb00000, 0x000000008bc00000|  0%| F|  |TAMS 0x000000008bb00000| PB 0x000000008bb00000| Untracked |  0
| 116|0x000000008bc00000, 0x000000008bc00000, 0x000000008bd00000|  0%| F|  |TAMS 0x000000008bc00000| PB 0x000000008bc00000| Untracked |  0
| 117|0x000000008bd00000, 0x000000008bd00000, 0x000000008be00000|  0%| F|  |TAMS 0x000000008bd00000| PB 0x000000008bd00000| Untracked |  0
| 118|0x000000008be00000, 0x000000008bf00000, 0x000000008bf00000|100%| S|CS|TAMS 0x000000008be00000| PB 0x000000008be00000| Complete |  0
| 119|0x000000008bf00000, 0x000000008c000000, 0x000000008c000000|100%| S|CS|TAMS 0x000000008bf00000| PB 0x000000008bf00000| Complete |  0
| 120|0x000000008c000000, 0x000000008c100000, 0x000000008c100000|100%| S|CS|TAMS 0x000000008c000000| PB 0x000000008c000000| Complete |  0
| 121|0x000000008c100000, 0x000000008c200000, 0x000000008c200000|100%| S|CS|TAMS 0x000000008c100000| PB 0x000000008c100000| Complete |  0
| 122|0x000000008c200000, 0x000000008c300000, 0x000000008c300000|100%| S|CS|TAMS 0x000000008c200000| PB 0x000000008c200000| Complete |  0
| 123|0x000000008c300000, 0x000000008c400000, 0x000000008c400000|100%| S|CS|TAMS 0x000000008c300000| PB 0x000000008c300000| Complete |  0
| 124|0x000000008c400000, 0x000000008c500000, 0x000000008c500000|100%| S|CS|TAMS 0x000000008c400000| PB 0x000000008c400000| Complete |  0
| 125|0x000000008c500000, 0x000000008c600000, 0x000000008c600000|100%| S|CS|TAMS 0x000000008c500000| PB 0x000000008c500000| Complete |  0
| 126|0x000000008c600000, 0x000000008c700000, 0x000000008c700000|100%| S|CS|TAMS 0x000000008c600000| PB 0x000000008c600000| Complete |  0
| 127|0x000000008c700000, 0x000000008c700000, 0x000000008c800000|  0%| F|  |TAMS 0x000000008c700000| PB 0x000000008c700000| Untracked |  0
| 128|0x000000008c800000, 0x000000008c800000, 0x000000008c900000|  0%| F|  |TAMS 0x000000008c800000| PB 0x000000008c800000| Untracked |  0
| 129|0x000000008c900000, 0x000000008c900000, 0x000000008ca00000|  0%| F|  |TAMS 0x000000008c900000| PB 0x000000008c900000| Untracked |  0
| 130|0x000000008ca00000, 0x000000008ca00000, 0x000000008cb00000|  0%| F|  |TAMS 0x000000008ca00000| PB 0x000000008ca00000| Untracked |  0
| 131|0x000000008cb00000, 0x000000008cb00000, 0x000000008cc00000|  0%| F|  |TAMS 0x000000008cb00000| PB 0x000000008cb00000| Untracked |  0
| 132|0x000000008cc00000, 0x000000008cc00000, 0x000000008cd00000|  0%| F|  |TAMS 0x000000008cc00000| PB 0x000000008cc00000| Untracked |  0
| 133|0x000000008cd00000, 0x000000008cd00000, 0x000000008ce00000|  0%| F|  |TAMS 0x000000008cd00000| PB 0x000000008cd00000| Untracked |  0
| 134|0x000000008ce00000, 0x000000008ce00000, 0x000000008cf00000|  0%| F|  |TAMS 0x000000008ce00000| PB 0x000000008ce00000| Untracked |  0
| 135|0x000000008cf00000, 0x000000008cf00000, 0x000000008d000000|  0%| F|  |TAMS 0x000000008cf00000| PB 0x000000008cf00000| Untracked |  0
| 136|0x000000008d000000, 0x000000008d000000, 0x000000008d100000|  0%| F|  |TAMS 0x000000008d000000| PB 0x000000008d000000| Untracked |  0
| 137|0x000000008d100000, 0x000000008d100000, 0x000000008d200000|  0%| F|  |TAMS 0x000000008d100000| PB 0x000000008d100000| Untracked |  0
| 138|0x000000008d200000, 0x000000008d200000, 0x000000008d300000|  0%| F|  |TAMS 0x000000008d200000| PB 0x000000008d200000| Untracked |  0
| 139|0x000000008d300000, 0x000000008d300000, 0x000000008d400000|  0%| F|  |TAMS 0x000000008d300000| PB 0x000000008d300000| Untracked |  0
| 140|0x000000008d400000, 0x000000008d400000, 0x000000008d500000|  0%| F|  |TAMS 0x000000008d400000| PB 0x000000008d400000| Untracked |  0
| 141|0x000000008d500000, 0x000000008d500000, 0x000000008d600000|  0%| F|  |TAMS 0x000000008d500000| PB 0x000000008d500000| Untracked |  0
| 142|0x000000008d600000, 0x000000008d600000, 0x000000008d700000|  0%| F|  |TAMS 0x000000008d600000| PB 0x000000008d600000| Untracked |  0
| 143|0x000000008d700000, 0x000000008d700000, 0x000000008d800000|  0%| F|  |TAMS 0x000000008d700000| PB 0x000000008d700000| Untracked |  0
| 144|0x000000008d800000, 0x000000008d800000, 0x000000008d900000|  0%| F|  |TAMS 0x000000008d800000| PB 0x000000008d800000| Untracked |  0
| 145|0x000000008d900000, 0x000000008d900000, 0x000000008da00000|  0%| F|  |TAMS 0x000000008d900000| PB 0x000000008d900000| Untracked |  0
| 146|0x000000008da00000, 0x000000008da00000, 0x000000008db00000|  0%| F|  |TAMS 0x000000008da00000| PB 0x000000008da00000| Untracked |  0
| 147|0x000000008db00000, 0x000000008db00000, 0x000000008dc00000|  0%| F|  |TAMS 0x000000008db00000| PB 0x000000008db00000| Untracked |  0
| 148|0x000000008dc00000, 0x000000008dc00000, 0x000000008dd00000|  0%| F|  |TAMS 0x000000008dc00000| PB 0x000000008dc00000| Untracked |  0
| 149|0x000000008dd00000, 0x000000008dd00000, 0x000000008de00000|  0%| F|  |TAMS 0x000000008dd00000| PB 0x000000008dd00000| Untracked |  0
| 150|0x000000008de00000, 0x000000008de00000, 0x000000008df00000|  0%| F|  |TAMS 0x000000008de00000| PB 0x000000008de00000| Untracked |  0
| 151|0x000000008df00000, 0x000000008df00000, 0x000000008e000000|  0%| F|  |TAMS 0x000000008df00000| PB 0x000000008df00000| Untracked |  0
| 152|0x000000008e000000, 0x000000008e000000, 0x000000008e100000|  0%| F|  |TAMS 0x000000008e000000| PB 0x000000008e000000| Untracked |  0
| 153|0x000000008e100000, 0x000000008e100000, 0x000000008e200000|  0%| F|  |TAMS 0x000000008e100000| PB 0x000000008e100000| Untracked |  0
| 154|0x000000008e200000, 0x000000008e200000, 0x000000008e300000|  0%| F|  |TAMS 0x000000008e200000| PB 0x000000008e200000| Untracked |  0
| 155|0x000000008e300000, 0x000000008e300000, 0x000000008e400000|  0%| F|  |TAMS 0x000000008e300000| PB 0x000000008e300000| Untracked |  0
| 156|0x000000008e400000, 0x000000008e400000, 0x000000008e500000|  0%| F|  |TAMS 0x000000008e400000| PB 0x000000008e400000| Untracked |  0
| 157|0x000000008e500000, 0x000000008e500000, 0x000000008e600000|  0%| F|  |TAMS 0x000000008e500000| PB 0x000000008e500000| Untracked |  0
| 158|0x000000008e600000, 0x000000008e600000, 0x000000008e700000|  0%| F|  |TAMS 0x000000008e600000| PB 0x000000008e600000| Untracked |  0
| 159|0x000000008e700000, 0x000000008e700000, 0x000000008e800000|  0%| F|  |TAMS 0x000000008e700000| PB 0x000000008e700000| Untracked |  0
| 160|0x000000008e800000, 0x000000008e800000, 0x000000008e900000|  0%| F|  |TAMS 0x000000008e800000| PB 0x000000008e800000| Untracked |  0
| 161|0x000000008e900000, 0x000000008e900000, 0x000000008ea00000|  0%| F|  |TAMS 0x000000008e900000| PB 0x000000008e900000| Untracked |  0
| 162|0x000000008ea00000, 0x000000008ea00000, 0x000000008eb00000|  0%| F|  |TAMS 0x000000008ea00000| PB 0x000000008ea00000| Untracked |  0
| 163|0x000000008eb00000, 0x000000008eb00000, 0x000000008ec00000|  0%| F|  |TAMS 0x000000008eb00000| PB 0x000000008eb00000| Untracked |  0
| 164|0x000000008ec00000, 0x000000008ec00000, 0x000000008ed00000|  0%| F|  |TAMS 0x000000008ec00000| PB 0x000000008ec00000| Untracked |  0
| 165|0x000000008ed00000, 0x000000008ed00000, 0x000000008ee00000|  0%| F|  |TAMS 0x000000008ed00000| PB 0x000000008ed00000| Untracked |  0
| 166|0x000000008ee00000, 0x000000008ee00000, 0x000000008ef00000|  0%| F|  |TAMS 0x000000008ee00000| PB 0x000000008ee00000| Untracked |  0
| 167|0x000000008ef00000, 0x000000008ef00000, 0x000000008f000000|  0%| F|  |TAMS 0x000000008ef00000| PB 0x000000008ef00000| Untracked |  0
| 168|0x000000008f000000, 0x000000008f000000, 0x000000008f100000|  0%| F|  |TAMS 0x000000008f000000| PB 0x000000008f000000| Untracked |  0
| 169|0x000000008f100000, 0x000000008f100000, 0x000000008f200000|  0%| F|  |TAMS 0x000000008f100000| PB 0x000000008f100000| Untracked |  0
| 170|0x000000008f200000, 0x000000008f200000, 0x000000008f300000|  0%| F|  |TAMS 0x000000008f200000| PB 0x000000008f200000| Untracked |  0
| 171|0x000000008f300000, 0x000000008f300000, 0x000000008f400000|  0%| F|  |TAMS 0x000000008f300000| PB 0x000000008f300000| Untracked |  0
| 172|0x000000008f400000, 0x000000008f400000, 0x000000008f500000|  0%| F|  |TAMS 0x000000008f400000| PB 0x000000008f400000| Untracked |  0
| 173|0x000000008f500000, 0x000000008f500000, 0x000000008f600000|  0%| F|  |TAMS 0x000000008f500000| PB 0x000000008f500000| Untracked |  0
| 174|0x000000008f600000, 0x000000008f600000, 0x000000008f700000|  0%| F|  |TAMS 0x000000008f600000| PB 0x000000008f600000| Untracked |  0
| 175|0x000000008f700000, 0x000000008f700000, 0x000000008f800000|  0%| F|  |TAMS 0x000000008f700000| PB 0x000000008f700000| Untracked |  0
| 176|0x000000008f800000, 0x000000008f800000, 0x000000008f900000|  0%| F|  |TAMS 0x000000008f800000| PB 0x000000008f800000| Untracked |  0
| 177|0x000000008f900000, 0x000000008f900000, 0x000000008fa00000|  0%| F|  |TAMS 0x000000008f900000| PB 0x000000008f900000| Untracked |  0
| 178|0x000000008fa00000, 0x000000008fa00000, 0x000000008fb00000|  0%| F|  |TAMS 0x000000008fa00000| PB 0x000000008fa00000| Untracked |  0
| 179|0x000000008fb00000, 0x000000008fb00000, 0x000000008fc00000|  0%| F|  |TAMS 0x000000008fb00000| PB 0x000000008fb00000| Untracked |  0
| 180|0x000000008fc00000, 0x000000008fc00000, 0x000000008fd00000|  0%| F|  |TAMS 0x000000008fc00000| PB 0x000000008fc00000| Untracked |  0
| 181|0x000000008fd00000, 0x000000008fd00000, 0x000000008fe00000|  0%| F|  |TAMS 0x000000008fd00000| PB 0x000000008fd00000| Untracked |  0
| 182|0x000000008fe00000, 0x000000008fe00000, 0x000000008ff00000|  0%| F|  |TAMS 0x000000008fe00000| PB 0x000000008fe00000| Untracked |  0
| 183|0x000000008ff00000, 0x000000008ff00000, 0x0000000090000000|  0%| F|  |TAMS 0x000000008ff00000| PB 0x000000008ff00000| Untracked |  0
| 184|0x0000000090000000, 0x0000000090000000, 0x0000000090100000|  0%| F|  |TAMS 0x0000000090000000| PB 0x0000000090000000| Untracked |  0
| 185|0x0000000090100000, 0x0000000090100000, 0x0000000090200000|  0%| F|  |TAMS 0x0000000090100000| PB 0x0000000090100000| Untracked |  0
| 186|0x0000000090200000, 0x0000000090200000, 0x0000000090300000|  0%| F|  |TAMS 0x0000000090200000| PB 0x0000000090200000| Untracked |  0
| 187|0x0000000090300000, 0x0000000090300000, 0x0000000090400000|  0%| F|  |TAMS 0x0000000090300000| PB 0x0000000090300000| Untracked |  0
| 188|0x0000000090400000, 0x0000000090400000, 0x0000000090500000|  0%| F|  |TAMS 0x0000000090400000| PB 0x0000000090400000| Untracked |  0
| 189|0x0000000090500000, 0x0000000090500000, 0x0000000090600000|  0%| F|  |TAMS 0x0000000090500000| PB 0x0000000090500000| Untracked |  0
| 190|0x0000000090600000, 0x0000000090600000, 0x0000000090700000|  0%| F|  |TAMS 0x0000000090600000| PB 0x0000000090600000| Untracked |  0
| 191|0x0000000090700000, 0x0000000090700000, 0x0000000090800000|  0%| F|  |TAMS 0x0000000090700000| PB 0x0000000090700000| Untracked |  0
| 192|0x0000000090800000, 0x0000000090800000, 0x0000000090900000|  0%| F|  |TAMS 0x0000000090800000| PB 0x0000000090800000| Untracked |  0
| 193|0x0000000090900000, 0x0000000090900000, 0x0000000090a00000|  0%| F|  |TAMS 0x0000000090900000| PB 0x0000000090900000| Untracked |  0
| 194|0x0000000090a00000, 0x0000000090a00000, 0x0000000090b00000|  0%| F|  |TAMS 0x0000000090a00000| PB 0x0000000090a00000| Untracked |  0

Card table byte_map: [0x00000157bbc90000,0x00000157bc070000] _byte_map_base: 0x00000157bb86c000

Marking Bits: (CMBitMap*) 0x00000157a45c03c0
 Bits: [0x00000157bc070000, 0x00000157bdf50000)

Polling page: 0x00000157a3d30000

Metaspace:

Usage:
  Non-class:      9.25 MB used.
      Class:      1.19 MB used.
       Both:     10.44 MB used.

Virtual space:
  Non-class space:       64.00 MB reserved,       9.31 MB ( 15%) committed,  1 nodes.
      Class space:        1.00 GB reserved,       1.25 MB ( <1%) committed,  1 nodes.
             Both:        1.06 GB reserved,      10.56 MB ( <1%) committed. 

Chunk freelists:
   Non-Class:  5.81 MB
       Class:  14.58 MB
        Both:  20.39 MB

MaxMetaspaceSize: unlimited
CompressedClassSpaceSize: 1.00 GB
Initial GC threshold: 21.00 MB
Current GC threshold: 21.00 MB
CDS: on
 - commit_granule_bytes: 65536.
 - commit_granule_words: 8192.
 - virtual_space_node_default_size: 8388608.
 - enlarge_chunks_in_place: 1.
 - use_allocation_guard: 0.


Internal statistics:

num_allocs_failed_limit: 0.
num_arena_births: 74.
num_arena_deaths: 0.
num_vsnodes_births: 2.
num_vsnodes_deaths: 0.
num_space_committed: 168.
num_space_uncommitted: 0.
num_chunks_returned_to_freelist: 0.
num_chunks_taken_from_freelist: 270.
num_chunk_merges: 0.
num_chunk_splits: 185.
num_chunks_enlarged: 140.
num_inconsistent_stats: 0.

CodeHeap 'non-profiled nmethods': size=120064Kb used=913Kb max_used=913Kb free=119150Kb
 bounds [0x00000157b4370000, 0x00000157b45e0000, 0x00000157bb8b0000]
CodeHeap 'profiled nmethods': size=120000Kb used=3668Kb max_used=3668Kb free=116331Kb
 bounds [0x00000157ac8b0000, 0x00000157acc50000, 0x00000157b3de0000]
CodeHeap 'non-nmethods': size=5696Kb used=1466Kb max_used=1477Kb free=4229Kb
 bounds [0x00000157b3de0000, 0x00000157b4050000, 0x00000157b4370000]
 total_blobs=2415 nmethods=1882 adapters=437
 compilation: enabled
              stopped_count=0, restarted_count=0
 full_count=0

Compilation events (20 events):
Event: 4.027 Thread 0x00000157c00fd6d0 1884   !   2       java.util.regex.Pattern::matcher (44 bytes)
Event: 4.027 Thread 0x00000157c00fd6d0 nmethod 1884 0x00000157acc43790 code [0x00000157acc43940, 0x00000157acc43c28]
Event: 4.027 Thread 0x00000157c00e58f0 nmethod 1880% 0x00000157b4450a10 code [0x00000157b4450c40, 0x00000157b4451528]
Event: 4.027 Thread 0x00000157c00e58f0 1848   !   4       java.lang.String::replace (258 bytes)
Event: 4.031 Thread 0x00000157c00fd6d0 1886       2       java.lang.reflect.Array::newInstance (6 bytes)
Event: 4.031 Thread 0x00000157c00e58f0 nmethod 1848 0x00000157b4451c10 code [0x00000157b4451de0, 0x00000157b4452180]
Event: 4.031 Thread 0x00000157c00fd6d0 nmethod 1886 0x00000157acc43d90 code [0x00000157acc43f20, 0x00000157acc44020]
Event: 4.031 Thread 0x00000157c00e58f0 1885       4       java.util.regex.Pattern$BnM::match (161 bytes)
Event: 4.032 Thread 0x00000157c00fd6d0 1887       1       java.util.zip.ZipFile$ZipFileInputStream::size (5 bytes)
Event: 4.032 Thread 0x00000157c00fd6d0 nmethod 1887 0x00000157b4452510 code [0x00000157b44526a0, 0x00000157b4452768]
Event: 4.041 Thread 0x00000157c00e58f0 nmethod 1885 0x00000157b4452810 code [0x00000157b4452a20, 0x00000157b4453280]
Event: 4.041 Thread 0x00000157c00e58f0 1849       4       java.lang.Integer::valueOf (10 bytes)
Event: 4.049 Thread 0x00000157c00e58f0 nmethod 1849 0x00000157b4453990 code [0x00000157b4453b80, 0x00000157b44540b0]
Event: 4.049 Thread 0x00000157c00e58f0 1860       4       com.optimaize.langdetect.profiles.LanguageProfileBuilder::addGram (97 bytes)
Event: 4.062 Thread 0x00000157c00fd6d0 1888       2       com.google.common.collect.Hashing::smear (19 bytes)
Event: 4.062 Thread 0x00000157c00fd6d0 nmethod 1888 0x00000157acc44110 code [0x00000157acc442a0, 0x00000157acc443c0]
Event: 4.062 Thread 0x00000157c00fd6d0 1889       2       java.lang.Integer::rotateLeft (9 bytes)
Event: 4.062 Thread 0x00000157c00fd6d0 nmethod 1889 0x00000157acc44490 code [0x00000157acc44620, 0x00000157acc44718]
Event: 4.062 Thread 0x00000157c00fd6d0 1890       2       com.google.common.collect.RegularImmutableMap::checkNoConflictInKeyBucket (85 bytes)
Event: 4.063 Thread 0x00000157c00fd6d0 nmethod 1890 0x00000157acc44790 code [0x00000157acc449e0, 0x00000157acc44fb0]

GC Heap History (20 events):
Event: 0.406 GC heap after
{Heap after GC invocations=1 (full 0):
 garbage-first heap   total reserved 2023424K, committed 126976K, used 5280K [0x0000000084800000, 0x0000000100000000)
  region size 1024K, 1 young (1024K), 1 survivors (1024K)
 Metaspace       used 667K, committed 832K, reserved 1114112K
  class space    used 40K, committed 128K, reserved 1048576K
}
Event: 1.095 GC heap before
{Heap before GC invocations=1 (full 0):
 garbage-first heap   total reserved 2023424K, committed 126976K, used 9376K [0x0000000084800000, 0x0000000100000000)
  region size 1024K, 6 young (6144K), 1 survivors (1024K)
 Metaspace       used 4311K, committed 4544K, reserved 1114112K
  class space    used 517K, committed 640K, reserved 1048576K
}
Event: 1.098 GC heap after
{Heap after GC invocations=2 (full 0):
 garbage-first heap   total reserved 2023424K, committed 126976K, used 6032K [0x0000000084800000, 0x0000000100000000)
  region size 1024K, 1 young (1024K), 1 survivors (1024K)
 Metaspace       used 4311K, committed 4544K, reserved 1114112K
  class space    used 517K, committed 640K, reserved 1048576K
}
Event: 1.894 GC heap before
{Heap before GC invocations=2 (full 0):
 garbage-first heap   total reserved 2023424K, committed 126976K, used 15248K [0x0000000084800000, 0x0000000100000000)
  region size 1024K, 10 young (10240K), 1 survivors (1024K)
 Metaspace       used 8542K, committed 8704K, reserved 1114112K
  class space    used 1016K, committed 1088K, reserved 1048576K
}
Event: 1.901 GC heap after
{Heap after GC invocations=3 (full 0):
 garbage-first heap   total reserved 2023424K, committed 126976K, used 7954K [0x0000000084800000, 0x0000000100000000)
  region size 1024K, 2 young (2048K), 2 survivors (2048K)
 Metaspace       used 8542K, committed 8704K, reserved 1114112K
  class space    used 1016K, committed 1088K, reserved 1048576K
}
Event: 2.486 GC heap before
{Heap before GC invocations=3 (full 0):
 garbage-first heap   total reserved 2023424K, committed 126976K, used 35602K [0x0000000084800000, 0x0000000100000000)
  region size 1024K, 30 young (30720K), 2 survivors (2048K)
 Metaspace       used 10104K, committed 10240K, reserved 1114112K
  class space    used 1146K, committed 1216K, reserved 1048576K
}
Event: 2.512 GC heap after
{Heap after GC invocations=4 (full 0):
 garbage-first heap   total reserved 2023424K, committed 126976K, used 15231K [0x0000000084800000, 0x0000000100000000)
  region size 1024K, 4 young (4096K), 4 survivors (4096K)
 Metaspace       used 10104K, committed 10240K, reserved 1114112K
  class space    used 1146K, committed 1216K, reserved 1048576K
}
Event: 2.729 GC heap before
{Heap before GC invocations=4 (full 0):
 garbage-first heap   total reserved 2023424K, committed 126976K, used 17279K [0x0000000084800000, 0x0000000100000000)
  region size 1024K, 6 young (6144K), 4 survivors (4096K)
 Metaspace       used 10104K, committed 10240K, reserved 1114112K
  class space    used 1146K, committed 1216K, reserved 1048576K
}
Event: 2.743 GC heap after
{Heap after GC invocations=5 (full 0):
 garbage-first heap   total reserved 2023424K, committed 126976K, used 16702K [0x0000000084800000, 0x0000000100000000)
  region size 1024K, 1 young (1024K), 1 survivors (1024K)
 Metaspace       used 10104K, committed 10240K, reserved 1114112K
  class space    used 1146K, committed 1216K, reserved 1048576K
}
Event: 2.910 GC heap before
{Heap before GC invocations=5 (full 0):
 garbage-first heap   total reserved 2023424K, committed 126976K, used 33086K [0x0000000084800000, 0x0000000100000000)
  region size 1024K, 16 young (16384K), 1 survivors (1024K)
 Metaspace       used 10230K, committed 10368K, reserved 1114112K
  class space    used 1157K, committed 1216K, reserved 1048576K
}
Event: 2.928 GC heap after
{Heap after GC invocations=6 (full 0):
 garbage-first heap   total reserved 2023424K, committed 126976K, used 22927K [0x0000000084800000, 0x0000000100000000)
  region size 1024K, 2 young (2048K), 2 survivors (2048K)
 Metaspace       used 10230K, committed 10368K, reserved 1114112K
  class space    used 1157K, committed 1216K, reserved 1048576K
}
Event: 3.038 GC heap before
{Heap before GC invocations=6 (full 0):
 garbage-first heap   total reserved 2023424K, committed 126976K, used 40335K [0x0000000084800000, 0x0000000100000000)
  region size 1024K, 17 young (17408K), 2 survivors (2048K)
 Metaspace       used 10232K, committed 10368K, reserved 1114112K
  class space    used 1157K, committed 1216K, reserved 1048576K
}
Event: 3.061 GC heap after
{Heap after GC invocations=7 (full 0):
 garbage-first heap   total reserved 2023424K, committed 199680K, used 30076K [0x0000000084800000, 0x0000000100000000)
  region size 1024K, 3 young (3072K), 3 survivors (3072K)
 Metaspace       used 10232K, committed 10368K, reserved 1114112K
  class space    used 1157K, committed 1216K, reserved 1048576K
}
Event: 3.257 GC heap before
{Heap before GC invocations=7 (full 0):
 garbage-first heap   total reserved 2023424K, committed 199680K, used 49532K [0x0000000084800000, 0x0000000100000000)
  region size 1024K, 22 young (22528K), 3 survivors (3072K)
 Metaspace       used 10238K, committed 10368K, reserved 1114112K
  class space    used 1157K, committed 1216K, reserved 1048576K
}
Event: 3.291 GC heap after
{Heap after GC invocations=8 (full 0):
 garbage-first heap   total reserved 2023424K, committed 199680K, used 36864K [0x0000000084800000, 0x0000000100000000)
  region size 1024K, 3 young (3072K), 3 survivors (3072K)
 Metaspace       used 10238K, committed 10368K, reserved 1114112K
  class space    used 1157K, committed 1216K, reserved 1048576K
}
Event: 3.428 GC heap before
{Heap before GC invocations=8 (full 0):
 garbage-first heap   total reserved 2023424K, committed 199680K, used 59392K [0x0000000084800000, 0x0000000100000000)
  region size 1024K, 25 young (25600K), 3 survivors (3072K)
 Metaspace       used 10241K, committed 10368K, reserved 1114112K
  class space    used 1157K, committed 1216K, reserved 1048576K
}
Event: 3.473 GC heap after
{Heap after GC invocations=9 (full 0):
 garbage-first heap   total reserved 2023424K, committed 199680K, used 44544K [0x0000000084800000, 0x0000000100000000)
  region size 1024K, 4 young (4096K), 4 survivors (4096K)
 Metaspace       used 10241K, committed 10368K, reserved 1114112K
  class space    used 1157K, committed 1216K, reserved 1048576K
}
Event: 3.587 GC heap before
{Heap before GC invocations=9 (full 0):
 garbage-first heap   total reserved 2023424K, committed 199680K, used 61952K [0x0000000084800000, 0x0000000100000000)
  region size 1024K, 18 young (18432K), 4 survivors (4096K)
 Metaspace       used 10243K, committed 10368K, reserved 1114112K
  class space    used 1157K, committed 1216K, reserved 1048576K
}
Event: 3.621 GC heap after
{Heap after GC invocations=10 (full 0):
 garbage-first heap   total reserved 2023424K, committed 199680K, used 52224K [0x0000000084800000, 0x0000000100000000)
  region size 1024K, 3 young (3072K), 3 survivors (3072K)
 Metaspace       used 10243K, committed 10368K, reserved 1114112K
  class space    used 1157K, committed 1216K, reserved 1048576K
}
Event: 4.069 GC heap before
{Heap before GC invocations=10 (full 0):
 garbage-first heap   total reserved 2023424K, committed 199680K, used 117760K [0x0000000084800000, 0x0000000100000000)
  region size 1024K, 68 young (69632K), 3 survivors (3072K)
 Metaspace       used 10686K, committed 10816K, reserved 1114112K
  class space    used 1219K, committed 1280K, reserved 1048576K
}

Dll operation events (7 events):
Event: 0.019 Loaded shared library C:\Program Files\Java\jdk-22\bin\java.dll
Event: 0.070 Loaded shared library C:\Program Files\Java\jdk-22\bin\jsvml.dll
Event: 0.108 Loaded shared library C:\Program Files\Java\jdk-22\bin\net.dll
Event: 0.112 Loaded shared library C:\Program Files\Java\jdk-22\bin\nio.dll
Event: 0.119 Loaded shared library C:\Program Files\Java\jdk-22\bin\zip.dll
Event: 0.138 Loaded shared library C:\Program Files\Java\jdk-22\bin\jimage.dll
Event: 1.710 Loaded shared library C:\Program Files\Java\jdk-22\bin\verify.dll

Deoptimization events (20 events):
Event: 3.899 Thread 0x00000157a237f9b0 DEOPT PACKING pc=0x00000157acc1f690 sp=0x0000000328afe820
Event: 3.899 Thread 0x00000157a237f9b0 DEOPT UNPACKING pc=0x00000157b3e34e23 sp=0x0000000328afdcc8 mode 0
Event: 3.900 Thread 0x00000157a237f9b0 DEOPT PACKING pc=0x00000157acc1f690 sp=0x0000000328afe820
Event: 3.900 Thread 0x00000157a237f9b0 DEOPT UNPACKING pc=0x00000157b3e34e23 sp=0x0000000328afdcc8 mode 0
Event: 3.900 Thread 0x00000157a237f9b0 DEOPT PACKING pc=0x00000157acc1f690 sp=0x0000000328afe820
Event: 3.900 Thread 0x00000157a237f9b0 DEOPT UNPACKING pc=0x00000157b3e34e23 sp=0x0000000328afdcc8 mode 0
Event: 3.901 Thread 0x00000157a237f9b0 DEOPT PACKING pc=0x00000157acc2216e sp=0x0000000328afe6f0
Event: 3.901 Thread 0x00000157a237f9b0 DEOPT UNPACKING pc=0x00000157b3e34e23 sp=0x0000000328afdbb8 mode 0
Event: 3.921 Thread 0x00000157a237f9b0 DEOPT PACKING pc=0x00000157acc2089b sp=0x0000000328afea30
Event: 3.921 Thread 0x00000157a237f9b0 DEOPT UNPACKING pc=0x00000157b3e34e23 sp=0x0000000328afdf50 mode 0
Event: 3.924 Thread 0x00000157a237f9b0 DEOPT PACKING pc=0x00000157acc2216e sp=0x0000000328afe6f0
Event: 3.924 Thread 0x00000157a237f9b0 DEOPT UNPACKING pc=0x00000157b3e34e23 sp=0x0000000328afdbb8 mode 0
Event: 3.930 Thread 0x00000157a237f9b0 DEOPT PACKING pc=0x00000157acc2089b sp=0x0000000328afea30
Event: 3.930 Thread 0x00000157a237f9b0 DEOPT UNPACKING pc=0x00000157b3e34e23 sp=0x0000000328afdf50 mode 0
Event: 3.931 Thread 0x00000157a237f9b0 DEOPT PACKING pc=0x00000157acc2216e sp=0x0000000328afe6f0
Event: 3.931 Thread 0x00000157a237f9b0 DEOPT UNPACKING pc=0x00000157b3e34e23 sp=0x0000000328afdbb8 mode 0
Event: 3.938 Thread 0x00000157a237f9b0 DEOPT PACKING pc=0x00000157acc2089b sp=0x0000000328afea30
Event: 3.938 Thread 0x00000157a237f9b0 DEOPT UNPACKING pc=0x00000157b3e34e23 sp=0x0000000328afdf50 mode 0
Event: 4.027 Thread 0x00000157a237f9b0 DEOPT PACKING pc=0x00000157acc270f8 sp=0x0000000328afe970
Event: 4.027 Thread 0x00000157a237f9b0 DEOPT UNPACKING pc=0x00000157b3e34e23 sp=0x0000000328afde20 mode 0

Classes loaded (20 events):
Event: 2.820 Loading class sun/text/resources/BreakIteratorResources_en
Event: 2.820 Loading class sun/text/resources/BreakIteratorResources_en done
Event: 2.820 Loading class sun/text/resources/BreakIteratorResources_en_US
Event: 2.821 Loading class sun/text/resources/BreakIteratorResources_en_US done
Event: 2.822 Loading class sun/text/RuleBasedBreakIterator
Event: 2.822 Loading class sun/text/RuleBasedBreakIterator done
Event: 2.823 Loading class sun/text/CompactByteArray
Event: 2.824 Loading class sun/text/CompactByteArray done
Event: 2.826 Loading class sun/text/SupplementaryCharacterData
Event: 2.826 Loading class sun/text/SupplementaryCharacterData done
Event: 2.827 Loading class java/text/BreakIterator$BreakIteratorCache
Event: 2.827 Loading class java/text/BreakIterator$BreakIteratorCache done
Event: 2.827 Loading class java/text/StringCharacterIterator
Event: 2.827 Loading class java/text/CharacterIterator
Event: 2.827 Loading class java/text/CharacterIterator done
Event: 2.827 Loading class java/text/StringCharacterIterator done
Event: 3.637 Loading class java/io/FileFilter
Event: 3.637 Loading class java/io/FileFilter done
Event: 3.716 Loading class java/util/NoSuchElementException
Event: 3.716 Loading class java/util/NoSuchElementException done

Classes unloaded (0 events):
No events

Classes redefined (0 events):
No events

Internal exceptions (12 events):
Event: 0.489 Thread 0x00000157a237f9b0 Exception <a 'java/lang/ClassNotFoundException'{0x000000008c3d9800}: javax/smartcardio/CardPermission> (0x000000008c3d9800) 
thrown [s\open\src\hotspot\share\classfile\systemDictionary.cpp, line 313]
Event: 0.496 Thread 0x00000157a237f9b0 Exception <a 'java/io/FileNotFoundException'{0x000000008c3e77a0}> (0x000000008c3e77a0) 
thrown [s\open\src\hotspot\share\prims\jni.cpp, line 520]
Event: 0.627 Thread 0x00000157a237f9b0 Exception <a 'java/lang/NoSuchMethodError'{0x000000008c27bd40}: 'void java.lang.invoke.DirectMethodHandle$Holder.invokeStatic(java.lang.Object, java.lang.Object, java.lang.Object)'> (0x000000008c27bd40) 
thrown [s\open\src\hotspot\share\interpreter\linkResolver.cpp, line 774]
Event: 0.661 Thread 0x00000157a237f9b0 Exception <a 'java/lang/NoSuchMethodError'{0x000000008c2a2660}: 'java.lang.Object java.lang.invoke.DirectMethodHandle$Holder.invokeInterface(java.lang.Object, java.lang.Object)'> (0x000000008c2a2660) 
thrown [s\open\src\hotspot\share\interpreter\linkResolver.cpp, line 774]
Event: 0.883 Thread 0x00000157a237f9b0 Exception <a 'java/lang/NoSuchMethodError'{0x000000008c1f51d0}: 'void java.lang.invoke.DirectMethodHandle$Holder.invokeSpecialIFC(java.lang.Object, java.lang.Object, java.lang.Object, java.lang.Object, java.lang.Object)'> (0x000000008c1f51d0) 
thrown [s\open\src\hotspot\share\interpreter\linkResolver.cpp, line 774]
Event: 0.891 Thread 0x00000157a237f9b0 Exception <a 'java/lang/NoSuchMethodError'{0x000000008c1fd3e0}: 'void java.lang.invoke.DirectMethodHandle$Holder.invokeStatic(java.lang.Object, java.lang.Object, java.lang.Object, java.lang.Object)'> (0x000000008c1fd3e0) 
thrown [s\open\src\hotspot\share\interpreter\linkResolver.cpp, line 774]
Event: 0.893 Thread 0x00000157a237f9b0 Exception <a 'java/lang/NoSuchMethodError'{0x000000008c005fe0}: 'int java.lang.invoke.DirectMethodHandle$Holder.invokeSpecial(java.lang.Object, java.lang.Object, java.lang.Object)'> (0x000000008c005fe0) 
thrown [s\open\src\hotspot\share\interpreter\linkResolver.cpp, line 774]
Event: 0.931 Thread 0x00000157a237f9b0 Exception <a 'java/lang/NoSuchMethodError'{0x000000008c0a82b0}: 'java.lang.Object java.lang.invoke.DirectMethodHandle$Holder.invokeStaticInit(java.lang.Object, java.lang.Object, java.lang.Object)'> (0x000000008c0a82b0) 
thrown [s\open\src\hotspot\share\interpreter\linkResolver.cpp, line 774]
Event: 1.418 Thread 0x00000157a237f9b0 Exception <a 'java/lang/NoSuchMethodError'{0x000000008bf1b870}: 'java.lang.Object java.lang.invoke.DirectMethodHandle$Holder.invokeStatic(java.lang.Object, int, java.lang.Object)'> (0x000000008bf1b870) 
thrown [s\open\src\hotspot\share\interpreter\linkResolver.cpp, line 774]
Event: 1.742 Thread 0x00000157a237f9b0 Exception <a 'java/lang/NoClassDefFoundError'{0x000000008bbe8618}: org/apache/log4j/Priority> (0x000000008bbe8618) 
thrown [s\open\src\hotspot\share\classfile\systemDictionary.cpp, line 302]
Event: 1.812 Thread 0x00000157a237f9b0 Exception <a 'java/lang/ClassNotFoundException'{0x000000008ba761d8}: com/sun/org/apache/xerces/internal/impl/xpath/regex/spi/messageProvider> (0x000000008ba761d8) 
thrown [s\open\src\hotspot\share\classfile\systemDictionary.cpp, line 313]
Event: 2.162 Thread 0x00000157a237f9b0 Exception <a 'java/lang/IncompatibleClassChangeError'{0x000000008bf3d400}: Found class java.lang.Object, but interface was expected> (0x000000008bf3d400) 
thrown [s\open\src\hotspot\share\interpreter\linkResolver.cpp, line 841]

ZGC Phase Switch (0 events):
No events

VM Operations (20 events):
Event: 1.901 Executing VM operation: G1CollectForAllocation (G1 Evacuation Pause) done
Event: 2.486 Executing VM operation: G1CollectForAllocation (G1 Evacuation Pause)
Event: 2.512 Executing VM operation: G1CollectForAllocation (G1 Evacuation Pause) done
Event: 2.729 Executing VM operation: G1CollectForAllocation (G1 Evacuation Pause)
Event: 2.743 Executing VM operation: G1CollectForAllocation (G1 Evacuation Pause) done
Event: 2.769 Executing VM operation: ThreadDump
Event: 2.794 Executing VM operation: ThreadDump done
Event: 2.910 Executing VM operation: G1CollectForAllocation (G1 Evacuation Pause)
Event: 2.928 Executing VM operation: G1CollectForAllocation (G1 Evacuation Pause) done
Event: 3.038 Executing VM operation: G1CollectForAllocation (G1 Evacuation Pause)
Event: 3.061 Executing VM operation: G1CollectForAllocation (G1 Evacuation Pause) done
Event: 3.257 Executing VM operation: G1CollectForAllocation (G1 Evacuation Pause)
Event: 3.291 Executing VM operation: G1CollectForAllocation (G1 Evacuation Pause) done
Event: 3.427 Executing VM operation: G1CollectForAllocation (G1 Evacuation Pause)
Event: 3.473 Executing VM operation: G1CollectForAllocation (G1 Evacuation Pause) done
Event: 3.587 Executing VM operation: G1CollectForAllocation (G1 Evacuation Pause)
Event: 3.621 Executing VM operation: G1CollectForAllocation (G1 Evacuation Pause) done
Event: 3.621 Executing VM operation: ThreadDump
Event: 3.622 Executing VM operation: ThreadDump done
Event: 4.069 Executing VM operation: G1CollectForAllocation (G1 Evacuation Pause)

Events (13 events):
Event: 0.041 Thread 0x00000157a237f9b0 Thread added: 0x00000157a237f9b0
Event: 0.066 Thread 0x00000157c00d1960 Thread added: 0x00000157c00d1960
Event: 0.066 Thread 0x00000157c00d33d0 Thread added: 0x00000157c00d33d0
Event: 0.066 Thread 0x00000157c00d83b0 Thread added: 0x00000157c00d83b0
Event: 0.067 Thread 0x00000157c00d96e0 Thread added: 0x00000157c00d96e0
Event: 0.067 Thread 0x00000157c00dc800 Thread added: 0x00000157c00dc800
Event: 0.067 Thread 0x00000157c00dd5c0 Thread added: 0x00000157c00dd5c0
Event: 0.068 Thread 0x00000157c00e58f0 Thread added: 0x00000157c00e58f0
Event: 0.068 Thread 0x00000157c00fd6d0 Thread added: 0x00000157c00fd6d0
Event: 0.101 Thread 0x00000157c022fbe0 Thread added: 0x00000157c022fbe0
Event: 0.104 Thread 0x00000157c0237c60 Thread added: 0x00000157c0237c60
Event: 1.616 Thread 0x00000158062a8900 Thread added: 0x00000158062a8900
Event: 1.627 Thread 0x0000015806129b40 Thread added: 0x0000015806129b40


Dynamic libraries:
0x00007ff65da10000 - 0x00007ff65da20000 	C:\Program Files\Java\jdk-22\bin\java.exe
0x00007ff916b10000 - 0x00007ff916d26000 	C:\windows\SYSTEM32\ntdll.dll
0x00007ff915900000 - 0x00007ff9159c4000 	C:\windows\System32\KERNEL32.DLL
0x00007ff913f20000 - 0x00007ff9142c7000 	C:\windows\System32\KERNELBASE.dll
0x00007ff9145b0000 - 0x00007ff9146c1000 	C:\windows\System32\ucrtbase.dll
0x00007ff8ee760000 - 0x00007ff8ee777000 	C:\Program Files\Java\jdk-22\bin\jli.dll
0x00007ff914d30000 - 0x00007ff914de2000 	C:\windows\System32\ADVAPI32.dll
0x00007ff916260000 - 0x00007ff916307000 	C:\windows\System32\msvcrt.dll
0x00007ff915710000 - 0x00007ff9157b8000 	C:\windows\System32\sechost.dll
0x00007ff9144e0000 - 0x00007ff914508000 	C:\windows\System32\bcrypt.dll
0x00007ff914a50000 - 0x00007ff914b65000 	C:\windows\System32\RPCRT4.dll
0x00007ff914b70000 - 0x00007ff914d1e000 	C:\windows\System32\USER32.dll
0x00007ff913ef0000 - 0x00007ff913f16000 	C:\windows\System32\win32u.dll
0x00007ff916310000 - 0x00007ff916339000 	C:\windows\System32\GDI32.dll
0x00007ff9143c0000 - 0x00007ff9144d9000 	C:\windows\System32\gdi32full.dll
0x00007ff914510000 - 0x00007ff9145aa000 	C:\windows\System32\msvcp_win.dll
0x00007ff8eb080000 - 0x00007ff8eb09b000 	C:\Program Files\Java\jdk-22\bin\VCRUNTIME140.dll
0x00007ff8fecd0000 - 0x00007ff8fef63000 	C:\windows\WinSxS\amd64_microsoft.windows.common-controls_6595b64144ccf1df_6.0.22621.3235_none_270f74e173860f98\COMCTL32.dll
0x00007ff8fdaa0000 - 0x00007ff8fdaaa000 	C:\windows\SYSTEM32\VERSION.dll
0x00007ff9159d0000 - 0x00007ff915a01000 	C:\windows\System32\IMM32.DLL
0x00007ff8f25d0000 - 0x00007ff8f25dc000 	C:\Program Files\Java\jdk-22\bin\vcruntime140_1.dll
0x00007ff8d0300000 - 0x00007ff8d038e000 	C:\Program Files\Java\jdk-22\bin\msvcp140.dll
0x00007ff8a92f0000 - 0x00007ff8aa037000 	C:\Program Files\Java\jdk-22\bin\server\jvm.dll
0x00007ff916080000 - 0x00007ff9160f1000 	C:\windows\System32\WS2_32.dll
0x00007ff913b50000 - 0x00007ff913b9d000 	C:\windows\SYSTEM32\POWRPROF.dll
0x00007ff8ff990000 - 0x00007ff8ff9c4000 	C:\windows\SYSTEM32\WINMM.dll
0x00007ff913b30000 - 0x00007ff913b43000 	C:\windows\SYSTEM32\UMPDC.dll
0x00007ff912e40000 - 0x00007ff912e58000 	C:\windows\SYSTEM32\kernel.appcore.dll
0x00007ff8f0330000 - 0x00007ff8f033a000 	C:\Program Files\Java\jdk-22\bin\jimage.dll
0x00007ff9116c0000 - 0x00007ff9118f3000 	C:\windows\SYSTEM32\DBGHELP.DLL
0x00007ff915a10000 - 0x00007ff915d98000 	C:\windows\System32\combase.dll
0x00007ff9157c0000 - 0x00007ff915897000 	C:\windows\System32\OLEAUT32.dll
0x00007ff8eea90000 - 0x00007ff8eeac2000 	C:\windows\SYSTEM32\dbgcore.DLL
0x00007ff9142d0000 - 0x00007ff914349000 	C:\windows\System32\bcryptPrimitives.dll
0x00007ff8eaed0000 - 0x00007ff8eaeee000 	C:\Program Files\Java\jdk-22\bin\java.dll
0x00007ff914df0000 - 0x00007ff91564c000 	C:\windows\System32\SHELL32.dll
0x00007ff916920000 - 0x00007ff916ac5000 	C:\windows\System32\ole32.dll
0x00007ff911d40000 - 0x00007ff912639000 	C:\windows\SYSTEM32\windows.storage.dll
0x00007ff911c00000 - 0x00007ff911d3e000 	C:\windows\SYSTEM32\wintypes.dll
0x00007ff916100000 - 0x00007ff9161f3000 	C:\windows\System32\SHCORE.dll
0x00007ff914840000 - 0x00007ff91489e000 	C:\windows\System32\shlwapi.dll
0x00007ff913d60000 - 0x00007ff913d81000 	C:\windows\SYSTEM32\profapi.dll
0x00007ff8cc7e0000 - 0x00007ff8cc8b7000 	C:\Program Files\Java\jdk-22\bin\jsvml.dll
0x00007ff8ef860000 - 0x00007ff8ef870000 	C:\Program Files\Java\jdk-22\bin\net.dll
0x00007ff9132b0000 - 0x00007ff913319000 	C:\windows\system32\mswsock.dll
0x00007ff8ea7d0000 - 0x00007ff8ea7e6000 	C:\Program Files\Java\jdk-22\bin\nio.dll
0x00007ff8e5a40000 - 0x00007ff8e5a57000 	C:\Program Files\Java\jdk-22\bin\zip.dll
0x00007ff8ef7c0000 - 0x00007ff8ef7d0000 	C:\Program Files\Java\jdk-22\bin\verify.dll

dbghelp: loaded successfully - version: 4.0.5 - missing functions: none
symbol engine: initialized successfully - sym options: 0x614 - pdb path: .;C:\Program Files\Java\jdk-22\bin;C:\windows\SYSTEM32;C:\windows\WinSxS\amd64_microsoft.windows.common-controls_6595b64144ccf1df_6.0.22621.3235_none_270f74e173860f98;C:\Program Files\Java\jdk-22\bin\server

VM Arguments:
java_command: org.languagetool.server.HTTPServer -p 8081
java_class_path (initial): C:\Users\shrij\.cache\language_tool_python\LanguageTool-6.4\languagetool-server.jar
Launcher Type: SUN_STANDARD

[Global flags]
     intx CICompilerCount                          = 2                                         {product} {ergonomic}
     uint ConcGCThreads                            = 1                                         {product} {ergonomic}
     uint G1ConcRefinementThreads                  = 2                                         {product} {ergonomic}
   size_t G1HeapRegionSize                         = 1048576                                   {product} {ergonomic}
   size_t InitialHeapSize                          = 130023424                                 {product} {ergonomic}
   size_t MarkStackSize                            = 4194304                                   {product} {ergonomic}
   size_t MaxHeapSize                              = 2071986176                                {product} {ergonomic}
   size_t MaxNewSize                               = 1242562560                                {product} {ergonomic}
   size_t MinHeapDeltaBytes                        = 1048576                                   {product} {ergonomic}
   size_t MinHeapSize                              = 8388608                                   {product} {ergonomic}
    uintx NonNMethodCodeHeapSize                   = 5826188                                {pd product} {ergonomic}
    uintx NonProfiledCodeHeapSize                  = 122916026                              {pd product} {ergonomic}
    uintx ProfiledCodeHeapSize                     = 122916026                              {pd product} {ergonomic}
    uintx ReservedCodeCacheSize                    = 251658240                              {pd product} {ergonomic}
     bool SegmentedCodeCache                       = true                                      {product} {ergonomic}
   size_t SoftMaxHeapSize                          = 2071986176                             {manageable} {ergonomic}
     bool UseCompressedOops                        = true                           {product lp64_product} {ergonomic}
     bool UseG1GC                                  = true                                      {product} {ergonomic}
     bool UseLargePagesIndividualAllocation        = false                                  {pd product} {ergonomic}

Logging:
Log output configuration:
 #0: stdout all=warning uptime,level,tags foldmultilines=false
 #1: stderr all=off uptime,level,tags foldmultilines=false

Environment Variables:
JAVA_HOME=C:\Program Files\Java\jdk-22
PATH=C:\Users\shrij\tsc\myenv\Scripts;C:\Program Files\Common Files\Oracle\Java\javapath;C:\Users\shrij\AppData\Local\Programs\Python\Python312\Scripts\;C:\Users\shrij\AppData\Local\Programs\Python\Python312\;C:\Program Files\Python38\Scripts\;C:\Program Files\Python38\;C:\windows\system32;C:\windows;C:\windows\System32\Wbem;C:\windows\System32\WindowsPowerShell\v1.0\;C:\windows\System32\OpenSSH\;C:\Program Files\Git\cmd;C:\Program Files\Amazon\AWSCLIV2\;C:\Program Files\HP\HP One Agent;C:\Program Files\nodejs\;C:\ProgramData\chocolatey\bin;C:\Program Files\Java\jdk-22\bin;C:\Program Files\Common Files\Oracle\Java\javapath;C:\Program Files\MySQL\MySQL Shell 8.0\bin\;C:\Users\shrij\anaconda3;C:\Users\shrij\anaconda3\Library\mingw-w64\bin;C:\Users\shrij\anaconda3\Library\usr\bin;C:\Users\shrij\anaconda3\Library\bin;C:\Users\shrij\anaconda3\Scripts;C:\Users\shrij\AppData\Local\Microsoft\WindowsApps;C:\Program Files\JetBrains\PyCharm Edu 2022.2.2\bin;C:\Users\shrij\AppData\Local\Programs\Microsoft VS Code\bin;C:\Users\shrij\AppData\Roaming\npm
USERNAME=shrij
LANG=en_US.UTF-8
OS=Windows_NT
PROCESSOR_IDENTIFIER=Intel64 Family 6 Model 156 Stepping 0, GenuineIntel
TMP=C:\Users\shrij\AppData\Local\Temp
TEMP=C:\Users\shrij\AppData\Local\Temp




Periodic native trim disabled

---------------  S Y S T E M  ---------------

OS:
 Windows 11 , 64 bit Build 22621 (10.0.22621.3374)
OS uptime: 1 days 3:14 hours
Hyper-V role detected

CPU: total 2 (initial active 2) (2 cores per cpu, 1 threads per core) family 6 model 156 stepping 0 microcode 0x24000024, cx8, cmov, fxsr, mmx, 3dnowpref, sse, sse2, sse3, ssse3, sse4.1, sse4.2, popcnt, tsc, tscinvbit, aes, erms, clmul, sha, clflush, clflushopt, clwb, hv, rdtscp, rdpid
Processor Information for all 2 processors :
  Max Mhz: 1101, Current Mhz: 1101, Mhz Limit: 1101

Memory: 4k page, system-wide physical 7896M (778M free)
TotalPageFile size 18046M (AvailPageFile size 70M)
current process WorkingSet (physical memory assigned to process): 219M, peak: 219M
current process commit charge ("private bytes"): 295M, peak: 579M

vm_info: Java HotSpot(TM) 64-Bit Server VM (22.0.1+8-16) for windows-amd64 JRE (22.0.1+8-16), built on 2024-03-12T10:33:16Z by "mach5one" with MS VC++ 17.6 (VS2022)

END.
